2025-09-10 19:15:55 info: Socket.IO initialized
2025-09-10 19:15:55 info: [1m[33mServer running in development mode on port 5000[39m[22m
2025-09-10 19:16:09 info: [1m[4m[36mMongoDB Connected: ac-cktbf1f-shard-00-01.jxpglfb.mongodb.net[39m[24m[22m
2025-09-10 20:00:36 info: Socket.IO initialized
2025-09-10 20:00:36 info: [1m[33mServer running in development mode on port 5000[39m[22m
2025-09-10 20:00:39 info: [1m[4m[36mMongoDB Connected: ac-cktbf1f-shard-00-01.jxpglfb.mongodb.net[39m[24m[22m
2025-09-10 20:00:46 info: Socket.IO initialized
2025-09-10 20:00:46 info: [1m[33mServer running in development mode on port 5000[39m[22m
2025-09-10 20:00:48 info: [1m[4m[36mMongoDB Connected: ac-cktbf1f-shard-00-01.jxpglfb.mongodb.net[39m[24m[22m
2025-09-10 20:26:57 info: DRY-RUN: would send to Damiilegbusi@gmail.com
2025-09-10 20:26:57 info: DRY-RUN: would send to Tosinbidemi2@gmail.com
2025-09-10 20:26:57 info: DRY-RUN: would send to agboolat146@gmail.com
2025-09-10 20:26:57 info: DRY-RUN: would send to ajetunmobij1@gmail.com
2025-09-10 20:26:57 info: DRY-RUN: would send to ajimudafredrick1@gmail.com
2025-09-10 20:26:57 info: DRY-RUN: would send to alomajaemmanuel4@gmail.com
2025-09-10 20:26:57 info: DRY-RUN: would send to elenite692@gmail.com
2025-09-10 20:26:57 info: DRY-RUN: would send to emmade01p@gmail.com
2025-09-10 20:26:57 info: DRY-RUN: would send to isrealteejay@gmail.com
2025-09-10 20:26:57 info: DRY-RUN: would send to iyabosalau02@gmail.com
2025-09-10 20:26:57 info: DRY-RUN: would send to jacobajike123@gmail.com
2025-09-10 20:26:57 info: DRY-RUN: would send to josephabiola001@gmail.com
2025-09-10 20:26:57 info: DRY-RUN: would send to joyoussweet9@gmail.com
2025-09-10 20:26:57 info: DRY-RUN: would send to kfakky@gmail.com
2025-09-10 20:26:57 info: DRY-RUN: would send to masterfrancolee@gmail.com
2025-09-10 20:26:57 info: DRY-RUN: would send to nanasarpong21@gmail.com
2025-09-10 20:26:57 info: DRY-RUN: would send to ogbonlayeiyanuoluwa@gmail.com
2025-09-10 20:26:57 info: DRY-RUN: would send to olamideolotu086@gmail.com
2025-09-10 20:26:57 info: DRY-RUN: would send to olotuoladapoayomide@gmail.com
2025-09-10 20:26:57 info: DRY-RUN: would send to olotuoladapoayomide@yahoo.com
2025-09-10 20:26:57 info: DRY-RUN: would send to ralpharmando0222@gmail.com
2025-09-10 20:26:57 info: DRY-RUN: would send to zeglaitytegabriele1@gmail.com
2025-09-10 20:27:27 info: Email sent: <187a7f0b-93bd-42d2-4765-6ee44e838e5d@hannacode.com>
2025-09-10 20:27:27 info: Sent to ajimudafredrick1@gmail.com
2025-09-10 20:27:27 info: Email sent: <97fb3c50-205a-4f4f-a310-f4b05813f625@hannacode.com>
2025-09-10 20:27:27 info: Sent to agboolat146@gmail.com
2025-09-10 20:27:27 info: Email sent: <b7f49e55-6925-a2b2-e4e6-9576224b27ed@hannacode.com>
2025-09-10 20:27:27 info: Sent to Damiilegbusi@gmail.com
2025-09-10 20:27:27 info: Email sent: <00ed6206-5512-f57e-ec47-e88448c92d51@hannacode.com>
2025-09-10 20:27:27 info: Sent to Tosinbidemi2@gmail.com
2025-09-10 20:27:27 info: Email sent: <69d78abb-dadc-ce6c-024d-8c3f9f31a73d@hannacode.com>
2025-09-10 20:27:27 info: Sent to ajetunmobij1@gmail.com
2025-09-10 20:27:27 info: Email sent: <0b68d6cb-8c8f-e721-7ae9-d077e8aead41@hannacode.com>
2025-09-10 20:27:28 info: Sent to iyabosalau02@gmail.com
2025-09-10 20:27:28 info: Email sent: <ed3eb789-866e-aa2c-e137-6baae58fab4b@hannacode.com>
2025-09-10 20:27:28 info: Sent to elenite692@gmail.com
2025-09-10 20:27:28 info: Email sent: <9ff9c4c0-52cd-e4c4-7b5e-8a0588eb2a1d@hannacode.com>
2025-09-10 20:27:28 info: Sent to isrealteejay@gmail.com
2025-09-10 20:27:28 info: Email sent: <9babaebf-cc4f-d843-0aa8-dc542de643d0@hannacode.com>
2025-09-10 20:27:28 info: Sent to emmade01p@gmail.com
2025-09-10 20:27:28 info: Email sent: <0e511d06-38bd-b243-ffbe-218b16f5c2a3@hannacode.com>
2025-09-10 20:27:28 info: Sent to alomajaemmanuel4@gmail.com
2025-09-10 20:27:31 info: Email sent: <140a5a67-c678-5105-3fb2-278db94def22@hannacode.com>
2025-09-10 20:27:31 info: Sent to ralpharmando0222@gmail.com
2025-09-10 20:27:31 info: Email sent: <76d5a5f4-7a2c-2f40-9f7f-d7e67efc0936@hannacode.com>
2025-09-10 20:27:31 info: Sent to ogbonlayeiyanuoluwa@gmail.com
2025-09-10 20:27:31 info: Email sent: <b40b062a-d1b0-89d2-1860-6d20206e7c2e@hannacode.com>
2025-09-10 20:27:31 info: Sent to joyoussweet9@gmail.com
2025-09-10 20:27:31 info: Email sent: <3ecfb362-3670-2861-382a-85023108b744@hannacode.com>
2025-09-10 20:27:31 info: Sent to olotuoladapoayomide@yahoo.com
2025-09-10 20:27:31 info: Email sent: <52cfec65-84c6-39aa-25d7-9a3cf6cc6eb0@hannacode.com>
2025-09-10 20:27:31 info: Sent to olotuoladapoayomide@gmail.com
2025-09-10 20:27:31 info: Email sent: <d20d7d27-5b02-763c-624d-34b253b8dc77@hannacode.com>
2025-09-10 20:27:31 info: Sent to josephabiola001@gmail.com
2025-09-10 20:27:31 info: Email sent: <1c8b487c-a84d-c5bb-c051-568877ff880b@hannacode.com>
2025-09-10 20:27:31 info: Sent to jacobajike123@gmail.com
2025-09-10 20:27:31 info: Email sent: <6039b126-8302-2f77-c792-3be684674a33@hannacode.com>
2025-09-10 20:27:31 info: Sent to olamideolotu086@gmail.com
2025-09-10 20:27:31 info: Email sent: <e419c91d-0f0d-60f6-fb35-03d54717e58b@hannacode.com>
2025-09-10 20:27:31 info: Sent to masterfrancolee@gmail.com
2025-09-10 20:27:31 info: Email sent: <2eca9d39-4bb2-66d4-d9e2-07f00ec88a9f@hannacode.com>
2025-09-10 20:27:31 info: Sent to zeglaitytegabriele1@gmail.com
2025-09-10 20:27:31 info: Email sent: <89327155-936a-c52c-cac0-363b12c543e0@hannacode.com>
2025-09-10 20:27:31 info: Sent to kfakky@gmail.com
2025-09-10 20:27:31 info: Email sent: <11e5d3a5-3f57-5001-6748-cff463f39a16@hannacode.com>
2025-09-10 20:27:31 info: Sent to nanasarpong21@gmail.com
2025-09-10 20:35:39 info: Email sent: <5185d2d0-2b92-44de-3f33-1175ad1d70ab@hannacode.com>
2025-09-10 20:35:39 info: Sent to iyabosalau02@gmail.com
2025-09-10 20:35:39 info: Email sent: <3b26cfa7-9bb9-4e30-4383-c013b250bf42@hannacode.com>
2025-09-10 20:35:39 info: Sent to ajimudafredrick1@gmail.com
2025-09-10 20:35:39 info: Email sent: <7f1167e9-1dc1-4f95-3404-56a685d18ce3@hannacode.com>
2025-09-10 20:35:39 info: Sent to elenite692@gmail.com
2025-09-10 20:35:39 info: Email sent: <ab577037-9480-6b77-beb8-b2eb7cf15d81@hannacode.com>
2025-09-10 20:35:39 info: Sent to Damiilegbusi@gmail.com
2025-09-10 20:35:39 info: Email sent: <f94cadcc-d6d7-6717-4735-bd77cb765a2e@hannacode.com>
2025-09-10 20:35:39 info: Sent to isrealteejay@gmail.com
2025-09-10 20:35:39 info: Email sent: <b94d4139-87d2-000c-d531-af60bac0eb77@hannacode.com>
2025-09-10 20:35:39 info: Sent to ajetunmobij1@gmail.com
2025-09-10 20:35:39 info: Email sent: <ae7fda9e-03ac-f7d6-95f4-73156ba417bf@hannacode.com>
2025-09-10 20:35:39 info: Sent to agboolat146@gmail.com
2025-09-10 20:35:39 info: Email sent: <d649003d-72b8-0adb-8f5d-60869b6b5ec8@hannacode.com>
2025-09-10 20:35:39 info: Sent to Tosinbidemi2@gmail.com
2025-09-10 20:35:39 info: Email sent: <5de9b5b1-59c5-906d-4e7e-8f35e9e311d6@hannacode.com>
2025-09-10 20:35:39 info: Sent to emmade01p@gmail.com
2025-09-10 20:35:39 info: Email sent: <6f5ebcdc-3178-fcfa-fbf7-d0a46d726027@hannacode.com>
2025-09-10 20:35:39 info: Sent to alomajaemmanuel4@gmail.com
2025-09-10 20:35:43 info: Email sent: <de2aef83-142a-8791-69bf-b5cb217ef245@hannacode.com>
2025-09-10 20:35:43 info: Sent to ogbonlayeiyanuoluwa@gmail.com
2025-09-10 20:35:43 info: Email sent: <3537d2ba-d94b-314e-6ce7-016be585557a@hannacode.com>
2025-09-10 20:35:43 info: Sent to jacobajike123@gmail.com
2025-09-10 20:35:43 info: Email sent: <642474c6-9aaf-f5ca-17ab-cf7586f93a0c@hannacode.com>
2025-09-10 20:35:43 info: Sent to joyoussweet9@gmail.com
2025-09-10 20:35:43 info: Email sent: <2cc63c4b-9b3a-dbb3-7f59-a87694433b7b@hannacode.com>
2025-09-10 20:35:43 info: Sent to olotuoladapoayomide@yahoo.com
2025-09-10 20:35:43 info: Email sent: <5f001325-6f8a-62c0-b780-fa900ac57ac3@hannacode.com>
2025-09-10 20:35:43 info: Sent to nanasarpong21@gmail.com
2025-09-10 20:35:43 info: Email sent: <1ec9bcef-2962-58a3-999e-147c536783b3@hannacode.com>
2025-09-10 20:35:43 info: Sent to olamideolotu086@gmail.com
2025-09-10 20:35:43 info: Email sent: <6e375648-f474-7ab7-c485-58e3043b543b@hannacode.com>
2025-09-10 20:35:43 info: Sent to ralpharmando0222@gmail.com
2025-09-10 20:35:43 info: Email sent: <7433fbf5-22fc-70a5-e94f-b3d4404bbde9@hannacode.com>
2025-09-10 20:35:43 info: Sent to josephabiola001@gmail.com
2025-09-10 20:35:43 info: Email sent: <786cd08b-f59f-2cdc-e514-e47fb4b1c7f3@hannacode.com>
2025-09-10 20:35:43 info: Sent to masterfrancolee@gmail.com
2025-09-10 20:35:43 info: Email sent: <90717902-0612-00a3-b4df-22467d4c6d84@hannacode.com>
2025-09-10 20:35:43 info: Sent to olotuoladapoayomide@gmail.com
2025-09-10 20:35:43 info: Email sent: <3c875410-98ea-bf1b-dad1-f6d3546adddd@hannacode.com>
2025-09-10 20:35:43 info: Sent to kfakky@gmail.com
2025-09-10 20:35:43 info: Email sent: <741d3a98-224f-a953-29ee-d80e8cd5b6f8@hannacode.com>
2025-09-10 20:35:43 info: Sent to zeglaitytegabriele1@gmail.com
2025-09-11 00:18:34 info: Socket.IO initialized
2025-09-11 00:18:34 info: [1m[33mServer running in development mode on port 5000[39m[22m
2025-09-11 00:18:38 info: [1m[4m[36mMongoDB Connected: ac-cktbf1f-shard-00-00.jxpglfb.mongodb.net[39m[24m[22m
2025-09-11 00:51:24 info: Socket.IO initialized
2025-09-11 00:51:24 info: [1m[33mServer running in development mode on port 5000[39m[22m
2025-09-11 00:51:30 info: [1m[4m[36mMongoDB Connected: ac-cktbf1f-shard-00-01.jxpglfb.mongodb.net[39m[24m[22m
2025-09-11 01:11:52 info: Socket.IO initialized
2025-09-11 01:11:52 info: [1m[33mServer running in development mode on port 5000[39m[22m
2025-09-11 01:11:55 info: [1m[4m[36mMongoDB Connected: ac-cktbf1f-shard-00-00.jxpglfb.mongodb.net[39m[24m[22m
2025-09-11 01:12:22 info: Socket.IO initialized
2025-09-11 01:12:22 info: [1m[33mServer running in development mode on port 5000[39m[22m
2025-09-11 01:12:26 info: [1m[4m[36mMongoDB Connected: ac-cktbf1f-shard-00-02.jxpglfb.mongodb.net[39m[24m[22m
2025-09-11 01:12:56 info: Socket.IO initialized
2025-09-11 01:12:56 info: [1m[33mServer running in development mode on port 5000[39m[22m
2025-09-11 01:13:00 info: [1m[4m[36mMongoDB Connected: ac-cktbf1f-shard-00-00.jxpglfb.mongodb.net[39m[24m[22m
2025-09-11 01:38:06 info: Email sent: <0b6e3d74-e4f3-7ded-865d-2cc314f1e11c@hannacode.com>
2025-09-11 01:38:06 info: Sent to ajetunmobij1@gmail.com
2025-09-11 01:38:06 info: Email sent: <0029ed0c-40b1-a726-e614-47afa691699b@hannacode.com>
2025-09-11 01:38:06 info: Sent to ajimudafredrick1@gmail.com
2025-09-11 01:38:06 info: Email sent: <7a59d203-72e4-395e-951e-78f13c74c9f7@hannacode.com>
2025-09-11 01:38:06 info: Sent to iyabosalau02@gmail.com
2025-09-11 01:38:06 info: Email sent: <b939ed07-aea3-e021-c9c7-bb69f9cac6e7@hannacode.com>
2025-09-11 01:38:06 info: Sent to Tosinbidemi2@gmail.com
2025-09-11 01:38:06 info: Email sent: <2b59b883-9f65-aae2-0485-51223877a8c8@hannacode.com>
2025-09-11 01:38:06 info: Sent to elenite692@gmail.com
2025-09-11 01:38:06 info: Email sent: <62a8ff33-0373-f858-ee61-650cbf6d194d@hannacode.com>
2025-09-11 01:38:06 info: Sent to isrealteejay@gmail.com
2025-09-11 01:38:06 info: Email sent: <40a38182-0a54-a20b-f811-327125e4b09e@hannacode.com>
2025-09-11 01:38:06 info: Sent to Damiilegbusi@gmail.com
2025-09-11 01:38:06 info: Email sent: <bfdcc215-b9a0-2691-983e-3f7e69b813fd@hannacode.com>
2025-09-11 01:38:06 info: Sent to emmade01p@gmail.com
2025-09-11 01:38:07 info: Email sent: <564abfeb-8eed-8054-1d13-aa4c12377459@hannacode.com>
2025-09-11 01:38:07 info: Sent to alomajaemmanuel4@gmail.com
2025-09-11 01:38:07 info: Email sent: <acbdb9ed-8fd7-8c25-19e9-2cc33e135efd@hannacode.com>
2025-09-11 01:38:07 info: Sent to agboolat146@gmail.com
2025-09-11 01:38:10 info: Email sent: <ed6d9048-58ac-6e2e-3a2f-da50c169f064@hannacode.com>
2025-09-11 01:38:10 info: Sent to josephabiola001@gmail.com
2025-09-11 01:38:10 info: Email sent: <fb10c6ed-d144-576a-dc43-4ec6b7f05ba9@hannacode.com>
2025-09-11 01:38:10 info: Sent to nanasarpong21@gmail.com
2025-09-11 01:38:10 info: Email sent: <bdf07d6a-bd47-2e79-4866-0e4194847b13@hannacode.com>
2025-09-11 01:38:10 info: Sent to ogbonlayeiyanuoluwa@gmail.com
2025-09-11 01:38:10 info: Email sent: <382ecd4e-c396-e9fc-8111-1acfd382d7c8@hannacode.com>
2025-09-11 01:38:10 info: Sent to olotuoladapoayomide@gmail.com
2025-09-11 01:38:10 info: Email sent: <e62e92a4-bec9-3b54-5a02-211a7d954e0e@hannacode.com>
2025-09-11 01:38:10 info: Sent to olamideolotu086@gmail.com
2025-09-11 01:38:10 info: Email sent: <e52dc279-c49c-74f4-4845-5aa8cec1e8ac@hannacode.com>
2025-09-11 01:38:10 info: Sent to zeglaitytegabriele1@gmail.com
2025-09-11 01:38:10 info: Email sent: <f7999ce4-d58b-fbd7-6d54-f562f68ab608@hannacode.com>
2025-09-11 01:38:10 info: Sent to olotuoladapoayomide@yahoo.com
2025-09-11 01:38:10 info: Email sent: <29ac37c8-0635-6588-0005-b6fe3c9f270e@hannacode.com>
2025-09-11 01:38:10 info: Sent to kfakky@gmail.com
2025-09-11 01:38:10 info: Email sent: <a76bd572-b1a9-ca61-1c71-21a5612269de@hannacode.com>
2025-09-11 01:38:10 info: Sent to jacobajike123@gmail.com
2025-09-11 01:38:10 info: Email sent: <29a12782-d1cc-ce6b-6c12-9321ca0f4734@hannacode.com>
2025-09-11 01:38:10 info: Sent to ralpharmando0222@gmail.com
2025-09-11 01:38:10 info: Email sent: <0754d8c0-2a7c-38ef-e22f-95283b44ea3f@hannacode.com>
2025-09-11 01:38:10 info: Sent to joyoussweet9@gmail.com
2025-09-11 01:38:10 info: Email sent: <4ef4b58d-4955-d609-509b-6f1735d1a672@hannacode.com>
2025-09-11 01:38:10 info: Sent to masterfrancolee@gmail.com
2025-09-11 10:49:34 info: Socket.IO initialized
2025-09-11 10:49:34 info: [1m[33mServer running in development mode on port 5000[39m[22m
2025-09-11 10:49:38 info: [1m[4m[36mMongoDB Connected: ac-cktbf1f-shard-00-00.jxpglfb.mongodb.net[39m[24m[22m
2025-09-11 11:13:54 info: Socket.IO initialized
2025-09-11 11:13:54 info: [1m[33mServer running in development mode on port 5000[39m[22m
2025-09-11 11:14:11 info: [1m[4m[36mMongoDB Connected: ac-cktbf1f-shard-00-00.jxpglfb.mongodb.net[39m[24m[22m
2025-09-11 12:01:51 info: Socket.IO initialized
2025-09-11 12:01:51 info: [1m[33mServer running in development mode on port 5000[39m[22m
2025-09-12 00:12:37 info: Socket.IO initialized
2025-09-12 00:12:38 info: [1m[33mServer running in development mode on port 5000[39m[22m
2025-09-12 00:12:40 info: [1m[4m[36mMongoDB Connected: ac-cktbf1f-shard-00-01.jxpglfb.mongodb.net[39m[24m[22m
2025-09-12 00:16:53 info: Socket.IO initialized
2025-09-12 00:16:53 info: [1m[33mServer running in development mode on port 5000[39m[22m
2025-09-12 02:33:40 info: Email sent: <88e2ebde-cc0b-6fc0-49f1-12dbdb536efa@hannacode.com>
2025-09-12 02:33:41 info: Sent to ajetunmobij1@gmail.com
2025-09-12 02:33:41 info: Email sent: <06779a1c-7a96-e984-b063-e19297a24b8c@hannacode.com>
2025-09-12 02:33:41 info: Sent to emmade01p@gmail.com
2025-09-12 02:33:41 info: Email sent: <cedb564f-1d7d-c8a5-f9f6-626947e64aa9@hannacode.com>
2025-09-12 02:33:41 info: Sent to Tosinbidemi2@gmail.com
2025-09-12 02:33:41 info: Email sent: <de536c0d-9776-c978-3114-db5633d25d62@hannacode.com>
2025-09-12 02:33:41 info: Sent to agboolat146@gmail.com
2025-09-12 02:33:41 info: Email sent: <410867af-a36f-ad02-121e-2ba82e2204b5@hannacode.com>
2025-09-12 02:33:41 info: Sent to isrealteejay@gmail.com
2025-09-12 02:33:41 info: Email sent: <8181ec87-3dc0-8e53-7cb4-68d43a2044b7@hannacode.com>
2025-09-12 02:33:41 info: Sent to iyabosalau02@gmail.com
2025-09-12 02:33:41 info: Email sent: <578d8068-6ee1-082d-b09b-4bb981e05e1c@hannacode.com>
2025-09-12 02:33:41 info: Sent to ajimudafredrick1@gmail.com
2025-09-12 02:33:41 info: Email sent: <2c21218b-aacb-9279-1768-21f3d8ffb121@hannacode.com>
2025-09-12 02:33:41 info: Sent to elenite692@gmail.com
2025-09-12 02:33:41 info: Email sent: <c15e7f83-1821-9a36-0a85-64245e5676c9@hannacode.com>
2025-09-12 02:33:41 info: Sent to Damiilegbusi@gmail.com
2025-09-12 02:33:41 info: Email sent: <0fe14f05-8936-216e-3bd6-878061e8084d@hannacode.com>
2025-09-12 02:33:41 info: Sent to alomajaemmanuel4@gmail.com
2025-09-12 02:33:44 info: Email sent: <5e3984e4-0ed3-c2e7-196d-f989417c63a4@hannacode.com>
2025-09-12 02:33:44 info: Sent to kfakky@gmail.com
2025-09-12 02:33:44 info: Email sent: <92ea26d9-b881-8682-011f-53e4ea97ea53@hannacode.com>
2025-09-12 02:33:44 info: Sent to jacobajike123@gmail.com
2025-09-12 02:33:44 info: Email sent: <7436e28e-3308-17dc-35fb-2f73b601e9f2@hannacode.com>
2025-09-12 02:33:44 info: Sent to nanasarpong21@gmail.com
2025-09-12 02:33:44 info: Email sent: <c0f48a93-6324-6a11-2629-ca755771078c@hannacode.com>
2025-09-12 02:33:44 info: Sent to josephabiola001@gmail.com
2025-09-12 02:33:44 info: Email sent: <536ebe2e-ac65-5e4c-cb9d-7d29ff021b5f@hannacode.com>
2025-09-12 02:33:44 info: Sent to olamideolotu086@gmail.com
2025-09-12 02:33:44 info: Email sent: <36761453-8963-5e75-cd23-84e5cbaa0eb0@hannacode.com>
2025-09-12 02:33:44 info: Sent to joyoussweet9@gmail.com
2025-09-12 02:33:44 info: Email sent: <3d0e2654-8d82-cfe6-ecbd-0cf8093fd88f@hannacode.com>
2025-09-12 02:33:44 info: Sent to ralpharmando0222@gmail.com
2025-09-12 02:33:44 info: Email sent: <b1f3ffff-eeb6-dd0b-0279-c4cc0cf1588b@hannacode.com>
2025-09-12 02:33:44 info: Sent to zeglaitytegabriele1@gmail.com
2025-09-12 02:33:44 info: Email sent: <3332e932-aefa-cfed-1e6c-f1011752bbad@hannacode.com>
2025-09-12 02:33:44 info: Sent to olotuoladapoayomide@yahoo.com
2025-09-12 02:33:44 info: Email sent: <67ce1f26-5db7-2886-2801-6a78ec1ceb4a@hannacode.com>
2025-09-12 02:33:44 info: Sent to ogbonlayeiyanuoluwa@gmail.com
2025-09-12 02:33:44 info: Email sent: <811c9158-1642-dd34-6883-6218aac69a8e@hannacode.com>
2025-09-12 02:33:44 info: Sent to olotuoladapoayomide@gmail.com
2025-09-12 02:33:44 info: Email sent: <03ad36cf-2acb-57ca-adf9-4213d5248e7f@hannacode.com>
2025-09-12 02:33:44 info: Sent to masterfrancolee@gmail.com
2025-09-18 01:01:48 info: Socket.IO initialized
2025-09-18 01:01:48 info: [1m[33mServer running in development mode on port 5000[39m[22m
2025-09-18 01:01:57 info: [1m[4m[36mMongoDB Connected: ac-cktbf1f-shard-00-00.jxpglfb.mongodb.net[39m[24m[22m
2025-09-18 01:25:14 info: Socket.IO initialized
2025-09-18 01:25:14 info: [1m[33mServer running in development mode on port 5000[39m[22m
2025-09-18 01:25:25 info: [1m[4m[36mMongoDB Connected: ac-cktbf1f-shard-00-00.jxpglfb.mongodb.net[39m[24m[22m
2025-09-18 01:28:01 info: Socket.IO initialized
2025-09-18 01:28:01 info: [1m[33mServer running in development mode on port 5000[39m[22m
2025-09-18 01:28:09 info: [1m[4m[36mMongoDB Connected: ac-cktbf1f-shard-00-00.jxpglfb.mongodb.net[39m[24m[22m
2025-09-18 01:32:30 info: Socket.IO initialized
2025-09-18 01:32:30 info: [1m[33mServer running in development mode on port 5000[39m[22m
2025-09-18 01:32:35 info: [1m[4m[36mMongoDB Connected: ac-cktbf1f-shard-00-00.jxpglfb.mongodb.net[39m[24m[22m
2025-09-18 01:47:06 info: Socket.IO initialized
2025-09-18 01:47:06 info: [1m[33mServer running in development mode on port 5000[39m[22m
2025-09-18 01:47:13 info: [1m[4m[36mMongoDB Connected: ac-cktbf1f-shard-00-00.jxpglfb.mongodb.net[39m[24m[22m
2025-09-18 01:48:00 error: Error: Not authorized to access this route
2025-09-18 01:48:57 info: Socket.IO initialized
2025-09-18 01:48:57 info: [1m[33mServer running in development mode on port 5000[39m[22m
2025-09-18 01:49:22 info: Socket.IO initialized
2025-09-18 01:49:22 info: [1m[33mServer running in development mode on port 5000[39m[22m
2025-09-18 01:49:27 info: [1m[4m[36mMongoDB Connected: ac-cktbf1f-shard-00-00.jxpglfb.mongodb.net[39m[24m[22m
2025-09-18 01:50:58 info: Socket.IO initialized
2025-09-18 01:50:58 info: [1m[33mServer running in development mode on port 5000[39m[22m
2025-09-18 01:51:01 info: [1m[4m[36mMongoDB Connected: ac-cktbf1f-shard-00-02.jxpglfb.mongodb.net[39m[24m[22m
2025-09-18 02:14:32 info: Socket.IO initialized
2025-09-18 02:14:32 info: [1m[33mServer running in development mode on port 5000[39m[22m
2025-09-18 02:14:34 info: [1m[4m[36mMongoDB Connected: ac-cktbf1f-shard-00-01.jxpglfb.mongodb.net[39m[24m[22m
2025-09-18 02:50:56 info: Socket.IO initialized
2025-09-18 02:50:56 info: [1m[33mServer running in development mode on port 5000[39m[22m
2025-09-18 02:50:59 info: [1m[4m[36mMongoDB Connected: ac-cktbf1f-shard-00-01.jxpglfb.mongodb.net[39m[24m[22m
2025-09-18 02:57:58 info: Socket.IO initialized
2025-09-18 02:57:58 info: [1m[33mServer running in development mode on port 5000[39m[22m
2025-09-18 02:58:01 info: [1m[4m[36mMongoDB Connected: ac-cktbf1f-shard-00-00.jxpglfb.mongodb.net[39m[24m[22m
2025-09-18 02:59:52 error: Error: Not authorized to access this route
2025-09-18 03:13:42 error: Error: Not authorized to access this route
2025-09-18 03:13:58 error: Error: Not authorized to access this route
2025-09-18 03:16:06 error: Error: Not authorized to access this route
2025-09-18 03:16:42 info: Socket.IO initialized
2025-09-18 03:16:42 info: [1m[33mServer running in development mode on port 5000[39m[22m
2025-09-18 03:19:30 info: Socket.IO initialized
2025-09-18 03:19:30 info: [1m[33mServer running in development mode on port 5000[39m[22m
2025-09-18 03:19:34 info: [1m[4m[36mMongoDB Connected: ac-cktbf1f-shard-00-01.jxpglfb.mongodb.net[39m[24m[22m
2025-09-18 03:21:24 info: Socket.IO initialized
2025-09-18 03:21:24 info: [1m[33mServer running in development mode on port 5000[39m[22m
2025-09-18 03:21:55 info: Socket.IO initialized
2025-09-18 03:21:55 info: [1m[33mServer running in development mode on port 5000[39m[22m
2025-09-18 03:22:05 info: [1m[4m[36mMongoDB Connected: ac-cktbf1f-shard-00-00.jxpglfb.mongodb.net[39m[24m[22m
2025-09-18 03:25:02 info: Socket.IO initialized
2025-09-18 03:25:02 info: [1m[33mServer running in development mode on port 5000[39m[22m
2025-09-18 03:25:10 info: [1m[4m[36mMongoDB Connected: ac-cktbf1f-shard-00-00.jxpglfb.mongodb.net[39m[24m[22m
2025-09-18 03:26:41 info: Socket.IO initialized
2025-09-18 03:26:41 info: [1m[33mServer running in development mode on port 5000[39m[22m
2025-09-18 03:26:49 info: [1m[4m[36mMongoDB Connected: ac-cktbf1f-shard-00-00.jxpglfb.mongodb.net[39m[24m[22m
2025-09-18 03:38:27 info: Socket.IO initialized
2025-09-18 03:38:27 info: [1m[33mServer running in development mode on port 5000[39m[22m
2025-09-18 03:38:32 info: [1m[4m[36mMongoDB Connected: ac-cktbf1f-shard-00-00.jxpglfb.mongodb.net[39m[24m[22m
2025-09-18 07:34:25 info: Socket.IO initialized
2025-09-18 07:34:25 info: [1m[33mServer running in development mode on port 5000[39m[22m
2025-09-18 07:34:28 info: [1m[4m[36mMongoDB Connected: ac-cktbf1f-shard-00-00.jxpglfb.mongodb.net[39m[24m[22m
2025-09-18 08:04:17 info: Socket.IO initialized
2025-09-18 08:04:17 info: [1m[33mServer running in development mode on port 5000[39m[22m
2025-09-18 08:04:20 info: [1m[4m[36mMongoDB Connected: ac-cktbf1f-shard-00-01.jxpglfb.mongodb.net[39m[24m[22m
2025-09-18 08:27:39 info: Socket.IO initialized
2025-09-18 08:27:39 info: [1m[33mServer running in development mode on port 5000[39m[22m
2025-09-18 08:27:42 info: [1m[4m[36mMongoDB Connected: ac-cktbf1f-shard-00-01.jxpglfb.mongodb.net[39m[24m[22m
2025-09-18 08:31:22 info: Socket.IO initialized
2025-09-18 08:31:22 info: [1m[33mServer running in development mode on port 5000[39m[22m
2025-09-18 08:31:46 info: Socket.IO initialized
2025-09-18 08:31:46 info: [1m[33mServer running in development mode on port 5000[39m[22m
2025-09-18 08:31:49 info: [1m[4m[36mMongoDB Connected: ac-cktbf1f-shard-00-02.jxpglfb.mongodb.net[39m[24m[22m
2025-09-18 08:33:19 info: Socket.IO initialized
2025-09-18 08:33:19 info: [1m[33mServer running in development mode on port 5000[39m[22m
2025-09-18 08:33:26 info: [1m[4m[36mMongoDB Connected: ac-cktbf1f-shard-00-00.jxpglfb.mongodb.net[39m[24m[22m
2025-09-18 08:35:20 info: Socket.IO initialized
2025-09-18 08:35:20 info: [1m[33mServer running in development mode on port 5000[39m[22m
2025-09-18 08:35:27 info: [1m[4m[36mMongoDB Connected: ac-cktbf1f-shard-00-00.jxpglfb.mongodb.net[39m[24m[22m
2025-09-18 08:35:51 error: Email error: connect ETIMEDOUT 136.143.190.56:465
2025-09-18 08:35:51 warn: Admin notify email failed: connect ETIMEDOUT 136.143.190.56:465
2025-09-18 08:35:51 error: Email error: connect ETIMEDOUT 136.143.190.56:465
2025-09-18 08:35:51 warn: Ack email failed: connect ETIMEDOUT 136.143.190.56:465
2025-09-18 08:49:43 info: Socket.IO initialized
2025-09-18 08:49:43 info: [1m[33mServer running in development mode on port 5000[39m[22m
2025-09-18 08:49:47 info: [1m[4m[36mMongoDB Connected: ac-cktbf1f-shard-00-01.jxpglfb.mongodb.net[39m[24m[22m
2025-09-18 08:51:30 info: Socket.IO initialized
2025-09-18 08:51:30 info: [1m[33mServer running in development mode on port 5000[39m[22m
2025-09-18 09:23:31 info: Socket.IO initialized
2025-09-18 09:23:31 info: [1m[33mServer running in development mode on port 5000[39m[22m
2025-09-18 09:23:34 info: [1m[4m[36mMongoDB Connected: ac-cktbf1f-shard-00-01.jxpglfb.mongodb.net[39m[24m[22m
2025-09-18 09:24:19 error: Error: Not authorized to access this route
2025-09-18 09:28:42 error: Email error: connect ETIMEDOUT 136.143.190.56:465
2025-09-18 09:28:42 warn: Ack email failed: connect ETIMEDOUT 136.143.190.56:465
2025-09-18 09:28:45 error: Email error: connect ETIMEDOUT 136.143.190.56:465
2025-09-18 09:28:45 warn: Admin notify email failed: connect ETIMEDOUT 136.143.190.56:465
2025-09-18 09:32:57 info: Socket.IO initialized
2025-09-18 09:32:57 info: [1m[33mServer running in development mode on port 5000[39m[22m
2025-09-18 09:33:05 info: [1m[4m[36mMongoDB Connected: ac-cktbf1f-shard-00-00.jxpglfb.mongodb.net[39m[24m[22m
2025-09-18 09:51:30 info: Socket.IO initialized
2025-09-18 09:51:30 info: [1m[33mServer running in development mode on port 5000[39m[22m
2025-09-18 09:51:34 info: [1m[4m[36mMongoDB Connected: ac-cktbf1f-shard-00-00.jxpglfb.mongodb.net[39m[24m[22m
2025-09-18 10:05:50 error: Email error: connect ETIMEDOUT 136.143.190.56:465
2025-09-18 10:05:50 warn: Ack email failed: connect ETIMEDOUT 136.143.190.56:465
2025-09-18 10:05:50 error: Email error: connect ETIMEDOUT 136.143.190.56:465
2025-09-18 10:05:50 warn: Admin notify email failed: connect ETIMEDOUT 136.143.190.56:465
2025-09-18 10:07:40 error: Email error: connect ETIMEDOUT 136.143.190.56:465
2025-09-18 10:07:40 error: sendSubmissionFeedback failed connect ETIMEDOUT 136.143.190.56:465
2025-09-18 10:23:37 info: Socket.IO initialized
2025-09-18 10:23:37 info: [1m[33mServer running in development mode on port 5000[39m[22m
2025-09-18 10:23:43 info: [1m[4m[36mMongoDB Connected: ac-cktbf1f-shard-00-01.jxpglfb.mongodb.net[39m[24m[22m
2025-09-18 10:24:09 error: Email error: connect ETIMEDOUT 136.143.190.56:465
2025-09-18 10:24:09 error: sendSubmissionFeedback failed connect ETIMEDOUT 136.143.190.56:465
2025-09-18 10:36:31 info: Socket.IO initialized
2025-09-18 10:36:31 info: [1m[33mServer running in development mode on port 5000[39m[22m
2025-09-18 10:36:39 info: [1m[4m[36mMongoDB Connected: ac-cktbf1f-shard-00-00.jxpglfb.mongodb.net[39m[24m[22m
2025-09-19 04:05:17 info: Socket.IO initialized
2025-09-19 04:05:17 info: [1m[33mServer running in development mode on port 5000[39m[22m
2025-09-19 04:05:20 info: [1m[4m[36mMongoDB Connected: ac-cktbf1f-shard-00-01.jxpglfb.mongodb.net[39m[24m[22m
2025-09-19 04:07:02 error: Error: Not authorized to access this route
2025-09-19 04:07:02 error: Error: Not authorized to access this route
2025-09-19 04:10:11 info: Socket.IO initialized
2025-09-19 04:10:11 info: [1m[33mServer running in development mode on port 5000[39m[22m
2025-09-19 04:10:17 info: [1m[4m[36mMongoDB Connected: ac-cktbf1f-shard-00-00.jxpglfb.mongodb.net[39m[24m[22m
2025-09-19 04:13:42 info: Socket.IO initialized
2025-09-19 04:13:42 info: [1m[33mServer running in development mode on port 5000[39m[22m
2025-09-19 04:13:45 info: [1m[4m[36mMongoDB Connected: ac-cktbf1f-shard-00-02.jxpglfb.mongodb.net[39m[24m[22m
2025-09-19 04:13:59 error: Error: Not authorized to access this route
2025-09-19 04:13:59 error: Error: Not authorized to access this route
2025-09-19 04:14:12 error: Error: Not authorized to access this route
2025-09-19 04:14:12 error: Error: Not authorized to access this route
2025-09-19 04:14:23 error: Error: Not authorized to access this route
2025-09-19 04:14:23 error: Error: Not authorized to access this route
2025-09-19 04:14:52 error: Error: Not authorized to access this route
2025-09-19 04:14:52 error: Error: Not authorized to access this route
2025-09-19 04:16:17 error: Error: Not authorized to access this route
2025-09-19 04:26:46 info: Socket.IO initialized
2025-09-19 04:26:46 info: [1m[33mServer running in development mode on port 5000[39m[22m
2025-09-19 04:26:51 info: [1m[4m[36mMongoDB Connected: ac-cktbf1f-shard-00-02.jxpglfb.mongodb.net[39m[24m[22m
2025-09-19 04:32:09 error: Error: Not authorized to access this route
2025-09-19 04:32:09 error: Error: Not authorized to access this route
2025-09-19 04:32:13 error: Error: Not authorized to access this route
2025-09-19 04:32:13 error: Error: Not authorized to access this route
2025-09-19 04:35:10 info: Socket.IO initialized
2025-09-19 04:35:10 info: [1m[33mServer running in development mode on port 5000[39m[22m
2025-09-19 04:35:18 info: [1m[4m[36mMongoDB Connected: ac-cktbf1f-shard-00-01.jxpglfb.mongodb.net[39m[24m[22m
2025-09-19 04:39:53 error: Error: Not authorized to access this route
2025-09-19 04:39:55 error: Error: Not authorized to access this route
2025-09-19 04:40:03 error: Error: Not authorized to access this route
2025-09-19 04:40:03 error: Error: Not authorized to access this route
2025-09-19 04:40:15 error: Error: Not authorized to access this route
2025-09-19 04:40:15 error: Error: Not authorized to access this route
2025-09-19 04:40:30 error: Error: Not authorized to access this route
2025-09-19 04:40:30 error: Error: Not authorized to access this route
2025-09-19 04:40:37 error: Error: Not authorized to access this route
2025-09-19 04:40:37 error: Error: Not authorized to access this route
2025-09-19 04:43:04 info: Socket.IO initialized
2025-09-19 04:43:04 info: [1m[33mServer running in development mode on port 5000[39m[22m
2025-09-19 04:43:07 info: [1m[4m[36mMongoDB Connected: ac-cktbf1f-shard-00-00.jxpglfb.mongodb.net[39m[24m[22m
2025-09-19 04:43:19 error: Error: Not authorized to access this route
2025-09-19 04:43:21 error: Error: Not authorized to access this route
2025-09-19 04:50:48 info: Socket.IO initialized
2025-09-19 04:50:48 info: [1m[33mServer running in development mode on port 5000[39m[22m
2025-09-19 04:50:56 info: [1m[4m[36mMongoDB Connected: ac-cktbf1f-shard-00-00.jxpglfb.mongodb.net[39m[24m[22m
2025-09-19 05:08:33 info: Socket.IO initialized
2025-09-19 05:08:33 info: [1m[33mServer running in development mode on port 5000[39m[22m
2025-09-19 05:08:37 info: [1m[4m[36mMongoDB Connected: ac-cktbf1f-shard-00-01.jxpglfb.mongodb.net[39m[24m[22m
2025-09-19 05:08:45 error: Error: Not authorized to access this route
2025-09-19 05:08:45 error: Error: Not authorized to access this route
2025-09-19 05:12:24 error: Error: Not authorized to access this route
2025-09-19 05:12:24 error: Error: Not authorized to access this route
2025-09-19 05:14:21 error: Error: Not authorized to access this route
2025-09-19 05:14:21 error: Error: Not authorized to access this route
2025-09-19 05:14:48 error: Error: Not authorized to access this route
2025-09-19 05:14:48 error: Error: Not authorized to access this route
2025-09-19 05:22:45 error: Error: Not authorized to access this route
2025-09-19 05:22:45 error: Error: Not authorized to access this route
2025-09-19 05:35:42 info: Socket.IO initialized
2025-09-19 05:35:42 info: [1m[33mServer running in development mode on port 5000[39m[22m
2025-09-19 05:35:51 info: Socket.IO initialized
2025-09-19 05:35:51 info: [1m[33mServer running in development mode on port 5000[39m[22m
2025-09-19 05:35:54 info: [1m[4m[36mMongoDB Connected: ac-cktbf1f-shard-00-02.jxpglfb.mongodb.net[39m[24m[22m
2025-09-19 05:36:55 info: Socket.IO initialized
2025-09-19 05:36:55 info: [1m[33mServer running in development mode on port 5000[39m[22m
2025-09-19 05:36:58 info: [1m[4m[36mMongoDB Connected: ac-cktbf1f-shard-00-01.jxpglfb.mongodb.net[39m[24m[22m
2025-09-19 05:37:11 info: Socket.IO initialized
2025-09-19 05:37:11 info: [1m[33mServer running in development mode on port 5000[39m[22m
2025-09-19 05:37:16 info: [1m[4m[36mMongoDB Connected: ac-cktbf1f-shard-00-00.jxpglfb.mongodb.net[39m[24m[22m
2025-09-19 05:56:51 info: Socket.IO initialized
2025-09-19 05:56:51 info: [1m[33mServer running in development mode on port 5000[39m[22m
2025-09-19 05:56:54 info: [1m[4m[36mMongoDB Connected: ac-cktbf1f-shard-00-02.jxpglfb.mongodb.net[39m[24m[22m
2025-09-19 05:57:18 info: Socket.IO initialized
2025-09-19 05:57:18 info: [1m[33mServer running in development mode on port 5000[39m[22m
2025-09-19 05:57:25 info: Socket.IO initialized
2025-09-19 05:57:25 info: [1m[33mServer running in development mode on port 5000[39m[22m
2025-09-19 05:57:28 info: [1m[4m[36mMongoDB Connected: ac-cktbf1f-shard-00-00.jxpglfb.mongodb.net[39m[24m[22m
2025-09-19 05:58:52 info: Socket.IO initialized
2025-09-19 05:58:52 info: [1m[33mServer running in development mode on port 5000[39m[22m
2025-09-19 05:58:57 info: [1m[4m[36mMongoDB Connected: ac-cktbf1f-shard-00-00.jxpglfb.mongodb.net[39m[24m[22m
2025-09-19 06:02:59 error: ValidationError: Application validation failed: resumeUrl: Invalid resumeUrl
2025-09-19 06:03:19 error: ValidationError: Application validation failed: resumeUrl: Invalid resumeUrl
2025-09-19 06:03:56 error: Email error: connect ETIMEDOUT 136.143.190.56:465
2025-09-19 06:03:56 warn: Ack email failed: connect ETIMEDOUT 136.143.190.56:465
2025-09-19 06:03:56 error: Email error: connect ETIMEDOUT 136.143.190.56:465
2025-09-19 06:03:56 warn: Admin notify email failed: connect ETIMEDOUT 136.143.190.56:465
2025-09-19 06:05:38 info: Socket.IO initialized
2025-09-19 06:05:38 info: [1m[33mServer running in development mode on port 5000[39m[22m
2025-09-19 06:05:45 info: [1m[4m[36mMongoDB Connected: ac-cktbf1f-shard-00-00.jxpglfb.mongodb.net[39m[24m[22m
2025-09-19 06:06:45 info: Socket.IO initialized
2025-09-19 06:06:45 info: [1m[33mServer running in development mode on port 5000[39m[22m
2025-09-19 06:06:50 info: [1m[4m[36mMongoDB Connected: ac-cktbf1f-shard-00-00.jxpglfb.mongodb.net[39m[24m[22m
2025-09-19 06:10:59 error: Email error: Connection timeout
2025-09-19 06:10:59 warn: Decision email failed: Connection timeout
2025-09-19 06:15:33 info: Socket.IO initialized
2025-09-19 06:15:33 info: [1m[33mServer running in development mode on port 5000[39m[22m
2025-09-19 06:15:39 info: [1m[4m[36mMongoDB Connected: ac-cktbf1f-shard-00-01.jxpglfb.mongodb.net[39m[24m[22m
2025-09-19 06:18:59 info: Socket.IO initialized
2025-09-19 06:18:59 info: [1m[33mServer running in development mode on port 5000[39m[22m
2025-09-19 06:19:10 info: [1m[4m[36mMongoDB Connected: ac-cktbf1f-shard-00-00.jxpglfb.mongodb.net[39m[24m[22m
2025-09-19 06:22:37 info: Socket.IO initialized
2025-09-19 06:22:37 info: [1m[33mServer running in development mode on port 5000[39m[22m
