2025-05-20 00:45:04 error: ValidationError: User validation failed: password: Password must contain at least one uppercase letter, one lowercase letter, one number and one special character
2025-05-20 00:45:24 error: Email error: getaddrinfo ENOTFOUND smtp.example.com
2025-05-20 00:45:25 error: Error: Email could not be sent
2025-05-20 00:46:01 error: Email error: getaddrinfo ENOTFOUND smtp.example.com
2025-05-20 00:46:02 error: Error: Email could not be sent
2025-05-20 00:52:01 error: MongoServerError: E11000 duplicate key error collection: codemaster.users index: email_1 dup key: { email: "olotuoladapoayomide@gmail.com" }
2025-05-20 00:52:30 error: MongoServerError: E11000 duplicate key error collection: codemaster.users index: email_1 dup key: { email: "olotuoladapoayomide@yahoo.com" }
2025-05-20 00:57:53 error: Email error: A03E0000:error:0A00010B:SSL routines:ssl3_get_record:wrong version number:c:\ws\deps\openssl\openssl\ssl\record\ssl3_record.c:355:

2025-05-20 00:57:54 error: Error: Email could not be sent
2025-05-20 01:15:43 error: Email error: No recipients defined
2025-05-20 01:15:44 error: Error: Email could not be sent
2025-05-20 02:15:05 error: Error: Admin access required for this resource
2025-05-23 06:06:19 error: Error: User not found
2025-05-23 06:23:22 error: CastError: Cast to ObjectId failed for value "<683000362e2933335d0b9e8a>" (type string) at path "_id" for model "Lesson"
2025-05-23 07:40:52 error: CastError: Cast to ObjectId failed for value "html" (type string) at path "_id" for model "Course"
2025-05-23 07:40:56 error: CastError: Cast to ObjectId failed for value "html" (type string) at path "_id" for model "Course"
2025-05-23 07:44:10 error: CastError: Cast to ObjectId failed for value "html-essentials" (type string) at path "_id" for model "Course"
2025-05-23 07:44:14 error: CastError: Cast to ObjectId failed for value "html-essentials" (type string) at path "_id" for model "Course"
2025-05-23 08:01:59 error: Error: Invalid credentials
2025-05-23 18:18:02 error: Error: Email could not be sent
2025-05-23 18:21:02 error: MongoServerError: E11000 duplicate key error collection: codemaster.users index: email_1 dup key: { email: "olotuoladapoayomide@yahoo.com" }
2025-05-24 21:45:45 error: Error: Invalid credentials
2025-05-24 21:46:17 error: Error: Invalid credentials
2025-05-24 22:09:50 error: CastError: Cast to ObjectId failed for value "lessons" (type string) at path "_id" for model "Course"
2025-05-24 22:15:40 error: CastError: Cast to ObjectId failed for value "<courseId>" (type string) at path "course" for model "Lesson"
2025-05-24 22:15:44 error: CastError: Cast to ObjectId failed for value "<courseId>" (type string) at path "course" for model "Lesson"
2025-05-24 22:16:02 error: CastError: Cast to ObjectId failed for value "<courseId>" (type string) at path "course" for model "Lesson"
2025-05-25 22:16:29 error: [31mDatabase Connection Error: querySrv ECONNREFUSED _mongodb._tcp.cluster0.jxpglfb.mongodb.net[39m
2025-05-25 22:28:16 error: CastError: Cast to ObjectId failed for value ":68322f3dabdb309aa959f518" (type string) at path "_id" for model "Course"
2025-05-25 22:29:16 error: CastError: Cast to ObjectId failed for value ":68322f3dabdb309aa959f518" (type string) at path "_id" for model "Course"
2025-05-25 23:59:31 error: Error: User not found
2025-05-26 00:01:05 error: Error: User not found
2025-05-26 00:02:09 error: Error: User not found
2025-05-26 00:02:14 error: Error: User not found
2025-05-26 00:02:25 error: Error: User not found
2025-05-26 00:04:55 error: Error: User not found
2025-05-26 00:05:22 error: Error: Invalid credentials
2025-05-26 00:17:55 error: Error: User not found
2025-05-27 13:16:48 error: Email error: Invalid login: 535 5.7.8 Authentication failed
2025-05-27 13:16:49 error: Error: Email could not be sent
2025-05-27 13:28:34 error: Email error: Invalid login: 535 5.7.8 Authentication failed
2025-05-27 13:28:35 error: Error: Email could not be sent
2025-05-27 13:31:26 error: Email error: Invalid login: 535 5.7.8 Authentication failed
2025-05-27 13:31:27 error: Error: Email could not be sent
2025-05-27 14:31:08 error: Error: Invalid credentials
2025-05-27 14:34:12 error: Error: Invalid credentials
2025-05-27 22:22:55 error: Error: Course not found with slug of 6835ca78892be1ef85739190
2025-05-27 22:31:00 error: Error: User not found
2025-05-27 22:31:41 error: Error: Course not found with slug of 68362ec2478dfe1f79bbf1e0
2025-05-27 22:31:55 error: Error: Course not found with slug of 68362ec2478dfe1f79bbf1da
2025-05-27 22:33:22 error: Error: Course not found with slug of 68362ec2478dfe1f79bbf1da
2025-05-27 22:33:35 error: Error: Course not found with slug of 68362ec2478dfe1f79bbf1da
2025-05-27 22:35:18 error: Error: Course not found with slug of 68362ec2478dfe1f79bbf1da
2025-05-27 22:35:25 error: Error: Course not found with slug of 68362ec2478dfe1f79bbf1da
2025-05-27 22:36:48 error: Error: Course not found with slug of 68362ec2478dfe1f79bbf1da
2025-05-27 22:36:57 error: Error: Course not found with slug of 68362ec2478dfe1f79bbf1da
2025-05-27 22:38:56 error: Error: Course not found with slug of 68362ec2478dfe1f79bbf1da
2025-05-27 22:39:11 error: Error: Course not found with slug of 68362ec2478dfe1f79bbf1da
2025-05-27 22:57:18 error: Error: Course not found with slug of 6836343e0aaa03eb54fd5861
2025-05-27 22:58:45 error: Error: Course not found with slug of 6836343e0aaa03eb54fd5861
2025-05-27 23:00:39 error: Error: Course not found with slug of 6836343e0aaa03eb54fd5861
2025-05-27 23:00:41 error: Error: Course not found with slug of 6836343e0aaa03eb54fd5861
2025-05-27 23:02:19 error: Error: Course not found with slug of 6836343e0aaa03eb54fd585e
2025-05-27 23:02:34 error: Error: Course not found with slug of 6836343e0aaa03eb54fd5862
2025-05-27 23:04:34 error: Error: Course not found with slug of 6836343e0aaa03eb54fd5862
2025-05-27 23:04:36 error: Error: Course not found with slug of 6836343e0aaa03eb54fd5862
2025-05-27 23:04:46 error: Error: Course not found with slug of 6836343e0aaa03eb54fd585e
2025-05-27 23:05:26 error: Error: Course not found with slug of 6836343e0aaa03eb54fd585e
2025-05-28 00:05:43 error: Error: Invalid credentials
2025-05-28 00:07:37 error: CastError: Cast to ObjectId failed for value "html-fundamentals" (type string) at path "_id" for model "Course"
2025-05-28 00:07:48 error: CastError: Cast to ObjectId failed for value "javascript" (type string) at path "_id" for model "Course"
2025-05-28 00:07:56 error: CastError: Cast to ObjectId failed for value "javascript" (type string) at path "_id" for model "Course"
2025-05-28 00:09:38 error: Error: Course not found with slug of javascript
2025-05-28 00:09:38 error: Error: Course not found with slug of javascript
2025-05-28 00:09:39 error: Error: Course not found with slug of javascript
2025-05-28 00:09:39 error: Error: Course not found with slug of javascript
2025-05-28 00:09:40 error: Error: Course not found with slug of javascript
2025-05-28 00:09:40 error: Error: Course not found with slug of javascript
2025-05-28 00:09:40 error: Error: Course not found with slug of javascript
2025-05-28 00:09:40 error: Error: Course not found with slug of javascript
2025-05-28 00:09:41 error: Error: Course not found with slug of javascript
2025-05-28 00:09:41 error: Error: Course not found with slug of javascript
2025-05-28 00:09:41 error: Error: Course not found with slug of javascript
2025-05-28 00:09:42 error: Error: Course not found with slug of javascript
2025-05-28 00:09:42 error: Error: Course not found with slug of javascript
2025-05-28 00:09:42 error: Error: Course not found with slug of javascript
2025-05-28 00:09:43 error: Error: Course not found with slug of javascript
2025-05-28 00:09:43 error: Error: Course not found with slug of javascript
2025-05-28 00:09:43 error: Error: Course not found with slug of javascript
2025-05-28 00:09:44 error: Error: Course not found with slug of javascript
2025-05-28 00:09:44 error: Error: Course not found with slug of javascript
2025-05-28 00:09:44 error: Error: Course not found with slug of javascript
2025-05-28 00:09:44 error: Error: Course not found with slug of javascript
2025-05-28 00:09:45 error: Error: Course not found with slug of javascript
2025-05-28 00:09:45 error: Error: Course not found with slug of javascript
2025-05-28 00:09:45 error: Error: Course not found with slug of javascript
2025-05-28 00:09:45 error: Error: Course not found with slug of javascript
2025-05-28 00:09:46 error: Error: Course not found with slug of javascript
2025-05-28 00:09:46 error: Error: Course not found with slug of javascript
2025-05-28 00:09:46 error: Error: Course not found with slug of javascript
2025-05-28 00:09:47 error: Error: Course not found with slug of javascript
2025-05-28 00:09:47 error: Error: Course not found with slug of javascript
2025-05-28 00:09:47 error: Error: Course not found with slug of javascript
2025-05-28 00:09:48 error: Error: Course not found with slug of javascript
2025-05-28 00:09:48 error: Error: Course not found with slug of javascript
2025-05-28 00:09:48 error: Error: Course not found with slug of javascript
2025-05-28 00:09:48 error: Error: Course not found with slug of javascript
2025-05-28 00:09:49 error: Error: Course not found with slug of javascript
2025-05-28 00:09:49 error: Error: Course not found with slug of javascript
2025-05-28 00:09:49 error: Error: Course not found with slug of javascript
2025-05-28 00:09:49 error: Error: Course not found with slug of javascript
2025-05-28 00:09:50 error: Error: Course not found with slug of javascript
2025-05-28 00:09:50 error: Error: Course not found with slug of javascript
2025-05-28 00:09:50 error: Error: Course not found with slug of javascript
2025-05-28 00:09:51 error: Error: Course not found with slug of javascript
2025-05-28 00:09:51 error: Error: Course not found with slug of javascript
2025-05-28 00:09:51 error: Error: Course not found with slug of javascript
2025-05-28 00:09:51 error: Error: Course not found with slug of javascript
2025-05-28 00:09:52 error: Error: Course not found with slug of javascript
2025-05-28 00:09:52 error: Error: Course not found with slug of javascript
2025-05-28 00:09:53 error: Error: Course not found with slug of javascript
2025-05-28 00:09:53 error: Error: Course not found with slug of javascript
2025-05-28 00:09:53 error: Error: Course not found with slug of javascript
2025-05-28 00:09:54 error: Error: Course not found with slug of javascript
2025-05-28 00:09:54 error: Error: Course not found with slug of javascript
2025-05-28 00:09:54 error: Error: Course not found with slug of javascript
2025-05-28 00:09:54 error: Error: Course not found with slug of javascript
2025-05-28 00:09:55 error: Error: Course not found with slug of javascript
2025-05-28 00:09:55 error: Error: Course not found with slug of javascript
2025-05-28 00:09:55 error: Error: Course not found with slug of javascript
2025-05-28 00:09:56 error: Error: Course not found with slug of javascript
2025-05-28 00:09:56 error: Error: Course not found with slug of javascript
2025-05-28 00:09:56 error: Error: Course not found with slug of javascript
2025-05-28 00:09:57 error: Error: Course not found with slug of javascript
2025-05-28 00:09:57 error: Error: Course not found with slug of javascript
2025-05-28 00:09:57 error: Error: Course not found with slug of javascript
2025-05-28 00:09:57 error: Error: Course not found with slug of javascript
2025-05-28 00:09:58 error: Error: Course not found with slug of javascript
2025-05-28 00:09:58 error: Error: Course not found with slug of javascript
2025-05-28 00:09:58 error: Error: Course not found with slug of javascript
2025-05-28 00:09:59 error: Error: Course not found with slug of javascript
2025-05-28 00:09:59 error: Error: Course not found with slug of javascript
2025-05-28 00:09:59 error: Error: Course not found with slug of javascript
2025-05-28 00:10:00 error: Error: Course not found with slug of javascript
2025-05-28 00:10:00 error: Error: Course not found with slug of javascript
2025-05-28 00:10:00 error: Error: Course not found with slug of javascript
2025-05-28 00:10:00 error: Error: Course not found with slug of javascript
2025-05-28 00:10:01 error: Error: Course not found with slug of javascript
2025-05-28 00:10:01 error: Error: Course not found with slug of javascript
2025-05-28 00:10:01 error: Error: Course not found with slug of javascript
2025-05-28 00:10:02 error: Error: Course not found with slug of javascript
2025-05-28 00:10:02 error: Error: Course not found with slug of javascript
2025-05-28 13:48:29 error: CastError: Cast to ObjectId failed for value "html-fundamentals" (type string) at path "_id" for model "Course"
2025-05-28 13:48:29 error: CastError: Cast to ObjectId failed for value "html-fundamentals" (type string) at path "_id" for model "Course"
2025-05-28 13:48:29 error: CastError: Cast to ObjectId failed for value "html-fundamentals" (type string) at path "_id" for model "Course"
2025-05-28 13:48:29 error: CastError: Cast to ObjectId failed for value "html-fundamentals" (type string) at path "_id" for model "Course"
2025-05-28 13:48:29 error: CastError: Cast to ObjectId failed for value "html-fundamentals" (type string) at path "_id" for model "Course"
2025-05-28 13:48:29 error: CastError: Cast to ObjectId failed for value "html-fundamentals" (type string) at path "_id" for model "Course"
2025-05-28 13:48:29 error: CastError: Cast to ObjectId failed for value "html-fundamentals" (type string) at path "_id" for model "Course"
2025-05-28 13:48:29 error: CastError: Cast to ObjectId failed for value "html-fundamentals" (type string) at path "_id" for model "Course"
2025-05-28 13:48:29 error: CastError: Cast to ObjectId failed for value "html-fundamentals" (type string) at path "_id" for model "Course"
2025-05-28 13:48:29 error: CastError: Cast to ObjectId failed for value "html-fundamentals" (type string) at path "_id" for model "Course"
2025-05-28 13:48:29 error: CastError: Cast to ObjectId failed for value "html-fundamentals" (type string) at path "_id" for model "Course"
2025-05-28 13:48:29 error: CastError: Cast to ObjectId failed for value "html-fundamentals" (type string) at path "_id" for model "Course"
2025-05-28 13:48:29 error: CastError: Cast to ObjectId failed for value "html-fundamentals" (type string) at path "_id" for model "Course"
2025-05-28 13:48:29 error: CastError: Cast to ObjectId failed for value "html-fundamentals" (type string) at path "_id" for model "Course"
2025-05-28 13:48:29 error: CastError: Cast to ObjectId failed for value "html-fundamentals" (type string) at path "_id" for model "Course"
2025-05-28 13:48:29 error: CastError: Cast to ObjectId failed for value "html-fundamentals" (type string) at path "_id" for model "Course"
2025-05-28 13:48:29 error: CastError: Cast to ObjectId failed for value "html-fundamentals" (type string) at path "_id" for model "Course"
2025-05-28 13:48:29 error: CastError: Cast to ObjectId failed for value "html-fundamentals" (type string) at path "_id" for model "Course"
2025-05-28 13:48:29 error: CastError: Cast to ObjectId failed for value "html-fundamentals" (type string) at path "_id" for model "Course"
2025-05-28 13:48:29 error: CastError: Cast to ObjectId failed for value "html-fundamentals" (type string) at path "_id" for model "Course"
2025-05-28 13:48:29 error: CastError: Cast to ObjectId failed for value "html-fundamentals" (type string) at path "_id" for model "Course"
2025-05-28 13:48:30 error: CastError: Cast to ObjectId failed for value "html-fundamentals" (type string) at path "_id" for model "Course"
2025-05-28 13:48:30 error: CastError: Cast to ObjectId failed for value "html-fundamentals" (type string) at path "_id" for model "Course"
2025-05-28 13:48:30 error: CastError: Cast to ObjectId failed for value "html-fundamentals" (type string) at path "_id" for model "Course"
2025-05-28 13:48:30 error: CastError: Cast to ObjectId failed for value "html-fundamentals" (type string) at path "_id" for model "Course"
2025-05-28 13:48:30 error: CastError: Cast to ObjectId failed for value "html-fundamentals" (type string) at path "_id" for model "Course"
2025-05-28 13:48:30 error: CastError: Cast to ObjectId failed for value "html-fundamentals" (type string) at path "_id" for model "Course"
2025-05-28 13:48:30 error: CastError: Cast to ObjectId failed for value "html-fundamentals" (type string) at path "_id" for model "Course"
2025-05-28 13:48:30 error: CastError: Cast to ObjectId failed for value "html-fundamentals" (type string) at path "_id" for model "Course"
2025-05-28 13:48:30 error: CastError: Cast to ObjectId failed for value "html-fundamentals" (type string) at path "_id" for model "Course"
2025-05-28 13:48:30 error: CastError: Cast to ObjectId failed for value "html-fundamentals" (type string) at path "_id" for model "Course"
2025-05-28 13:48:30 error: CastError: Cast to ObjectId failed for value "html-fundamentals" (type string) at path "_id" for model "Course"
2025-05-28 13:48:30 error: CastError: Cast to ObjectId failed for value "html-fundamentals" (type string) at path "_id" for model "Course"
2025-05-28 13:48:30 error: CastError: Cast to ObjectId failed for value "html-fundamentals" (type string) at path "_id" for model "Course"
2025-05-28 13:48:30 error: CastError: Cast to ObjectId failed for value "html-fundamentals" (type string) at path "_id" for model "Course"
2025-05-28 13:48:30 error: CastError: Cast to ObjectId failed for value "html-fundamentals" (type string) at path "_id" for model "Course"
2025-05-28 13:48:30 error: CastError: Cast to ObjectId failed for value "html-fundamentals" (type string) at path "_id" for model "Course"
2025-05-28 13:48:30 error: CastError: Cast to ObjectId failed for value "html-fundamentals" (type string) at path "_id" for model "Course"
2025-05-28 13:48:30 error: CastError: Cast to ObjectId failed for value "html-fundamentals" (type string) at path "_id" for model "Course"
2025-05-28 13:48:30 error: CastError: Cast to ObjectId failed for value "html-fundamentals" (type string) at path "_id" for model "Course"
2025-05-28 13:48:30 error: CastError: Cast to ObjectId failed for value "html-fundamentals" (type string) at path "_id" for model "Course"
2025-05-28 13:48:30 error: CastError: Cast to ObjectId failed for value "html-fundamentals" (type string) at path "_id" for model "Course"
2025-05-28 13:48:30 error: CastError: Cast to ObjectId failed for value "html-fundamentals" (type string) at path "_id" for model "Course"
2025-05-28 13:48:30 error: CastError: Cast to ObjectId failed for value "html-fundamentals" (type string) at path "_id" for model "Course"
2025-05-28 13:48:30 error: CastError: Cast to ObjectId failed for value "html-fundamentals" (type string) at path "_id" for model "Course"
2025-05-28 13:48:30 error: CastError: Cast to ObjectId failed for value "html-fundamentals" (type string) at path "_id" for model "Course"
2025-05-28 13:48:30 error: CastError: Cast to ObjectId failed for value "html-fundamentals" (type string) at path "_id" for model "Course"
2025-05-28 13:48:30 error: CastError: Cast to ObjectId failed for value "html-fundamentals" (type string) at path "_id" for model "Course"
2025-05-28 13:48:30 error: CastError: Cast to ObjectId failed for value "html-fundamentals" (type string) at path "_id" for model "Course"
2025-05-28 13:48:30 error: CastError: Cast to ObjectId failed for value "html-fundamentals" (type string) at path "_id" for model "Course"
2025-05-28 13:48:30 error: CastError: Cast to ObjectId failed for value "html-fundamentals" (type string) at path "_id" for model "Course"
2025-05-28 13:48:30 error: CastError: Cast to ObjectId failed for value "html-fundamentals" (type string) at path "_id" for model "Course"
2025-05-28 13:48:30 error: CastError: Cast to ObjectId failed for value "html-fundamentals" (type string) at path "_id" for model "Course"
2025-05-28 13:48:30 error: CastError: Cast to ObjectId failed for value "html-fundamentals" (type string) at path "_id" for model "Course"
2025-06-03 22:14:12 error: Error: Course not found with slug of javascript
2025-06-03 22:20:27 error: Error: Course not found with slug of javascript
2025-06-03 22:24:42 error: MongooseError: Operation `courses.countDocuments()` buffering timed out after 10000ms
2025-06-03 23:22:02 error: Error: Not authorized to access this route
2025-06-03 23:22:21 error: Error: Not authorized to access this route
2025-06-05 23:26:26 error: CastError: Cast to ObjectId failed for value "html-fundamentals" (type string) at path "_id" for model "Course"
2025-06-05 23:26:36 error: CastError: Cast to ObjectId failed for value "html-fundamentals" (type string) at path "_id" for model "Course"
2025-06-05 23:31:03 error: CastError: Cast to ObjectId failed for value "html-fundamentals" (type string) at path "_id" for model "Course"
2025-06-08 10:42:50 error: MongoServerSelectionError: connection timed out
2025-06-08 18:03:25 error: [31mDatabase Connection Error: querySrv ECONNREFUSED _mongodb._tcp.cluster0.jxpglfb.mongodb.net[39m
2025-06-11 18:02:19 error: ReferenceError: progressDocs is not defined
2025-06-11 18:10:47 error: ReferenceError: progressDocs is not defined
2025-06-11 18:45:09 error: ValidationError: Progress validation failed: course: Path `course` is required., user: Path `user` is required.
2025-06-11 18:45:22 error: ValidationError: Progress validation failed: course: Path `course` is required., user: Path `user` is required.
2025-06-11 19:43:14 error: [31mDatabase Connection Error: querySrv ECONNREFUSED _mongodb._tcp.cluster0.jxpglfb.mongodb.net[39m
2025-06-13 23:25:21 error: Error: Invalid credentials
2025-06-14 00:06:51 error: Error: User not found
2025-06-15 20:09:46 error: [31mDatabase Connection Error: querySrv ETIMEOUT _mongodb._tcp.cluster0.jxpglfb.mongodb.net[39m
2025-06-15 20:56:06 error: Error: Not authorized to access this route
2025-06-15 21:01:11 error: Error: Not authorized to access this route
2025-06-15 21:01:19 error: Error: Not authorized to access this route
2025-06-15 21:10:44 error: Error: Not authorized to access this route
2025-06-15 21:10:47 error: Error: Not authorized to access this route
2025-06-15 21:10:52 error: Error: Not authorized to access this route
2025-06-15 21:14:20 error: Error: Not authorized to access this route
2025-06-15 21:14:55 error: Error: Not authorized to access this route
2025-06-15 21:20:34 error: Error: Not authorized to access this route
2025-06-15 21:27:16 error: Error: Not authorized to access this route
2025-06-15 21:27:23 error: Error: Not authorized to access this route
2025-06-15 21:39:09 error: Error: Not authorized to access this route
2025-06-15 21:43:29 error: Error: Not authorized to access this route
2025-06-15 21:43:33 error: Error: Not authorized to access this route
2025-06-15 21:44:52 error: Error: Not authorized to access this route
2025-06-15 21:45:49 error: Error: Invalid credentials
2025-06-15 21:46:23 error: Error: Invalid credentials
2025-06-15 21:50:15 error: Error: Not authorized to access this route
2025-06-15 21:50:15 error: Error: Not authorized to access this route
2025-06-15 21:56:00 error: Error: Not authorized to access this route
2025-06-15 21:56:00 error: Error: Not authorized to access this route
2025-06-15 21:58:01 error: Error: Not authorized to access this route
2025-06-15 21:58:01 error: Error: Not authorized to access this route
2025-06-15 22:01:00 error: Error: Not authorized to access this route
2025-06-15 22:01:00 error: Error: Not authorized to access this route
2025-06-15 22:01:05 error: Error: Not authorized to access this route
2025-06-15 22:01:05 error: Error: Not authorized to access this route
2025-06-15 22:02:55 error: Error: Not authorized to access this route
2025-06-15 22:02:55 error: Error: Not authorized to access this route
2025-06-15 22:02:58 error: Error: Not authorized to access this route
2025-06-15 22:02:58 error: Error: Not authorized to access this route
2025-06-15 22:04:38 error: Error: Not authorized to access this route
2025-06-15 22:04:38 error: Error: Not authorized to access this route
2025-06-15 22:08:15 error: Error: Not authorized to access this route
2025-06-15 22:08:16 error: Error: Not authorized to access this route
2025-06-15 22:17:18 error: Error: Not authorized to access this route
2025-06-15 22:17:18 error: Error: Not authorized to access this route
2025-06-15 22:26:47 error: Error: Invalid credentials
2025-06-15 22:29:12 error: Error: Session not found with id of 68434ece40704b4db64e5572
2025-06-15 22:29:13 error: Error: Session not found with id of 68434ece40704b4db64e5572
2025-06-15 22:29:14 error: Error: Session not found with id of 68434ece40704b4db64e5572
2025-06-15 22:29:15 error: Error: Session not found with id of 68434ece40704b4db64e5572
2025-06-15 22:29:16 error: Error: Session not found with id of 68434ece40704b4db64e5572
2025-06-15 22:29:17 error: Error: Session not found with id of 68434ece40704b4db64e5572
2025-06-15 22:29:18 error: Error: Session not found with id of 68434ece40704b4db64e5572
2025-06-15 22:29:19 error: Error: Session not found with id of 68434ece40704b4db64e5572
2025-06-15 22:29:20 error: Error: Session not found with id of 68434ece40704b4db64e5572
2025-06-15 22:29:21 error: Error: Session not found with id of 68434ece40704b4db64e5572
2025-06-15 22:29:23 error: Error: Session not found with id of 68434ece40704b4db64e5572
2025-06-15 22:29:24 error: Error: Session not found with id of 68434ece40704b4db64e5572
2025-06-15 22:29:25 error: Error: Session not found with id of 68434ece40704b4db64e5572
2025-06-15 22:29:26 error: Error: Session not found with id of 68434ece40704b4db64e5572
2025-06-15 22:29:28 error: Error: Session not found with id of 68434ece40704b4db64e5572
2025-06-15 22:29:29 error: Error: Session not found with id of 68434ece40704b4db64e5572
2025-06-15 22:29:30 error: Error: Session not found with id of 68434ece40704b4db64e5572
2025-06-15 22:29:31 error: Error: Session not found with id of 68434ece40704b4db64e5572
2025-06-15 22:29:32 error: Error: Session not found with id of 68434ece40704b4db64e5572
2025-06-15 22:29:33 error: Error: Session not found with id of 68434ece40704b4db64e5572
2025-06-15 22:29:34 error: Error: Session not found with id of 68434ece40704b4db64e5572
2025-06-15 22:29:35 error: Error: Session not found with id of 68434ece40704b4db64e5572
2025-06-15 22:29:36 error: Error: Session not found with id of 68434ece40704b4db64e5572
2025-06-15 22:29:38 error: Error: Session not found with id of 68434ece40704b4db64e5572
2025-06-15 22:39:49 error: Error: Session not found with id of 68434ece40704b4db64e5572
2025-06-15 22:39:50 error: Error: Session not found with id of 68434ece40704b4db64e5572
2025-06-15 22:39:51 error: Error: Session not found with id of 68434ece40704b4db64e5572
2025-06-15 22:39:52 error: Error: Session not found with id of 68434ece40704b4db64e5572
2025-06-15 22:39:53 error: Error: Session not found with id of 68434ece40704b4db64e5572
2025-06-15 22:39:54 error: Error: Session not found with id of 68434ece40704b4db64e5572
2025-06-15 22:39:55 error: Error: Session not found with id of 68434ece40704b4db64e5572
2025-06-15 22:39:56 error: Error: Session not found with id of 68434ece40704b4db64e5572
2025-06-15 22:39:58 error: Error: Session not found with id of 68434ece40704b4db64e5572
2025-06-15 22:39:59 error: Error: Session not found with id of 68434ece40704b4db64e5572
2025-06-15 22:40:00 error: Error: Session not found with id of 68434ece40704b4db64e5572
2025-06-15 22:40:01 error: Error: Session not found with id of 68434ece40704b4db64e5572
2025-06-15 22:41:39 error: Error: Session not found with id of 68434ece40704b4db64e5572
2025-06-15 22:41:39 error: Error: Session not found with id of 68434ece40704b4db64e5572
2025-06-15 22:41:40 error: Error: Session not found with id of 68434ece40704b4db64e5572
2025-06-15 22:41:41 error: Error: Session not found with id of 68434ece40704b4db64e5572
2025-06-15 22:41:42 error: Error: Session not found with id of 68434ece40704b4db64e5572
2025-06-15 22:41:42 error: Error: Session not found with id of 68434ece40704b4db64e5572
2025-06-15 22:41:43 error: Error: Session not found with id of 68434ece40704b4db64e5572
2025-06-15 22:41:44 error: Error: Session not found with id of 68434ece40704b4db64e5572
2025-06-15 22:41:45 error: Error: Session not found with id of 68434ece40704b4db64e5572
2025-06-15 22:41:45 error: Error: Session not found with id of 68434ece40704b4db64e5572
2025-06-15 22:41:46 error: Error: Session not found with id of 68434ece40704b4db64e5572
2025-06-15 22:41:47 error: Error: Session not found with id of 68434ece40704b4db64e5572
2025-06-15 22:41:48 error: Error: Session not found with id of 68434ece40704b4db64e5572
2025-06-15 22:41:49 error: Error: Session not found with id of 68434ece40704b4db64e5572
2025-06-15 22:41:50 error: Error: Session not found with id of 68434ece40704b4db64e5572
2025-06-15 22:41:51 error: Error: Session not found with id of 68434ece40704b4db64e5572
2025-06-15 22:41:51 error: Error: Session not found with id of 68434ece40704b4db64e5572
2025-06-15 22:41:52 error: Error: Session not found with id of 68434ece40704b4db64e5572
2025-06-15 22:41:53 error: Error: Session not found with id of 68434ece40704b4db64e5572
2025-06-15 22:41:54 error: Error: Session not found with id of 68434ece40704b4db64e5572
2025-06-15 22:41:54 error: Error: Session not found with id of 68434ece40704b4db64e5572
2025-06-15 22:41:55 error: Error: Session not found with id of 68434ece40704b4db64e5572
2025-06-15 22:41:56 error: Error: Session not found with id of 68434ece40704b4db64e5572
2025-06-15 22:41:57 error: Error: Session not found with id of 68434ece40704b4db64e5572
2025-06-15 22:41:57 error: Error: Session not found with id of 68434ece40704b4db64e5572
2025-06-15 22:41:59 error: Error: Session not found with id of 68434ece40704b4db64e5572
2025-06-15 22:42:00 error: Error: Session not found with id of 68434ece40704b4db64e5572
2025-06-15 22:42:00 error: Error: Session not found with id of 68434ece40704b4db64e5572
2025-06-15 22:42:01 error: Error: Session not found with id of 68434ece40704b4db64e5572
2025-06-15 22:42:02 error: Error: Session not found with id of 68434ece40704b4db64e5572
2025-06-15 22:50:27 error: Error: Session not found with id of 68434ece40704b4db64e5572
2025-06-15 22:50:28 error: Error: Session not found with id of 68434ece40704b4db64e5572
2025-06-15 22:50:29 error: Error: Session not found with id of 68434ece40704b4db64e5572
2025-06-15 22:50:30 error: Error: Session not found with id of 68434ece40704b4db64e5572
2025-06-15 22:50:30 error: Error: Session not found with id of 68434ece40704b4db64e5572
2025-06-15 22:50:31 error: Error: Session not found with id of 68434ece40704b4db64e5572
2025-06-15 22:50:32 error: Error: Session not found with id of 68434ece40704b4db64e5572
2025-06-15 22:50:33 error: Error: Session not found with id of 68434ece40704b4db64e5572
2025-06-15 22:50:33 error: Error: Session not found with id of 68434ece40704b4db64e5572
2025-06-15 22:50:34 error: Error: Session not found with id of 68434ece40704b4db64e5572
2025-06-15 22:50:35 error: Error: Session not found with id of 68434ece40704b4db64e5572
2025-06-15 22:50:36 error: Error: Session not found with id of 68434ece40704b4db64e5572
2025-06-15 22:50:37 error: Error: Session not found with id of 68434ece40704b4db64e5572
2025-06-15 22:50:37 error: Error: Session not found with id of 68434ece40704b4db64e5572
2025-06-15 22:50:38 error: Error: Session not found with id of 68434ece40704b4db64e5572
2025-06-15 22:50:39 error: Error: Session not found with id of 68434ece40704b4db64e5572
2025-06-15 22:50:40 error: Error: Session not found with id of 68434ece40704b4db64e5572
2025-06-15 22:50:40 error: Error: Session not found with id of 68434ece40704b4db64e5572
2025-06-15 22:50:41 error: Error: Session not found with id of 68434ece40704b4db64e5572
2025-06-15 22:50:42 error: Error: Session not found with id of 68434ece40704b4db64e5572
2025-06-15 22:50:43 error: Error: Session not found with id of 68434ece40704b4db64e5572
2025-06-15 22:50:43 error: Error: Session not found with id of 68434ece40704b4db64e5572
2025-06-15 22:50:44 error: Error: Session not found with id of 68434ece40704b4db64e5572
2025-06-15 22:50:45 error: Error: Session not found with id of 68434ece40704b4db64e5572
2025-06-15 22:50:46 error: Error: Session not found with id of 68434ece40704b4db64e5572
2025-06-15 22:50:46 error: Error: Session not found with id of 68434ece40704b4db64e5572
2025-06-15 22:50:47 error: Error: Session not found with id of 68434ece40704b4db64e5572
2025-06-15 22:50:48 error: Error: Session not found with id of 68434ece40704b4db64e5572
2025-06-15 22:50:49 error: Error: Session not found with id of 68434ece40704b4db64e5572
2025-06-15 22:50:50 error: Error: Session not found with id of 68434ece40704b4db64e5572
2025-06-15 22:50:50 error: Error: Session not found with id of 68434ece40704b4db64e5572
2025-06-15 22:50:51 error: Error: Session not found with id of 68434ece40704b4db64e5572
2025-06-15 22:50:52 error: Error: Session not found with id of 68434ece40704b4db64e5572
2025-06-15 22:50:52 error: Error: Session not found with id of 68434ece40704b4db64e5572
2025-06-15 22:50:53 error: Error: Session not found with id of 68434ece40704b4db64e5572
2025-06-15 22:51:22 error: Error: Not authorized to access this route
2025-06-15 22:57:27 error: Error: Session not found with id of 68434ece40704b4db64e5572
2025-06-15 22:57:28 error: Error: Session not found with id of 68434ece40704b4db64e5572
2025-06-15 22:57:28 error: Error: Session not found with id of 68434ece40704b4db64e5572
2025-06-15 22:57:29 error: Error: Session not found with id of 68434ece40704b4db64e5572
2025-06-15 22:57:30 error: Error: Session not found with id of 68434ece40704b4db64e5572
2025-06-15 22:57:31 error: Error: Session not found with id of 68434ece40704b4db64e5572
2025-06-15 22:57:32 error: Error: Session not found with id of 68434ece40704b4db64e5572
2025-06-15 22:57:33 error: Error: Session not found with id of 68434ece40704b4db64e5572
2025-06-15 22:57:33 error: Error: Session not found with id of 68434ece40704b4db64e5572
2025-06-15 22:57:34 error: Error: Session not found with id of 68434ece40704b4db64e5572
2025-06-15 22:57:35 error: Error: Session not found with id of 68434ece40704b4db64e5572
2025-06-15 22:57:35 error: Error: Session not found with id of 68434ece40704b4db64e5572
2025-06-15 22:57:36 error: Error: Session not found with id of 68434ece40704b4db64e5572
2025-06-15 22:57:37 error: Error: Session not found with id of 68434ece40704b4db64e5572
2025-06-15 23:06:54 error: Error: Invalid credentials
2025-06-15 23:31:34 error: Error: Not authorized to access this route
2025-06-15 23:32:06 error: Error: Invalid credentials
2025-06-15 23:46:08 error: ValidationError: Mentorship validation failed: price: Path `price` is required., topic: Please add a topic for the mentorship session, scheduledDate: Path `scheduledDate` is required., mentorId: Path `mentorId` is required., userId: Path `userId` is required., status: `active` is not a valid enum value for path `status`.
2025-06-15 23:46:19 error: ValidationError: Mentorship validation failed: price: Path `price` is required., topic: Please add a topic for the mentorship session, scheduledDate: Path `scheduledDate` is required., mentorId: Path `mentorId` is required., userId: Path `userId` is required., status: `active` is not a valid enum value for path `status`.
2025-06-16 00:14:43 error: Port 5000 is already in use. Please try a different port or close the application using this port.
2025-06-16 00:15:30 error: Port 5000 is already in use. Please try a different port or close the application using this port.
2025-06-16 00:17:35 error: Port 5000 is already in use. Please try a different port or close the application using this port.
2025-06-21 14:34:06 error: [31mDatabase Connection Error: querySrv ECONNREFUSED _mongodb._tcp.cluster0.jxpglfb.mongodb.net[39m
2025-06-21 17:20:58 error: Error: Invalid credentials
2025-06-22 13:24:36 error: [31mDatabase Connection Error: querySrv ECONNREFUSED _mongodb._tcp.cluster0.jxpglfb.mongodb.net[39m
2025-06-22 13:33:57 error: Error: Invalid credentials
2025-06-22 13:34:20 error: Error: Invalid credentials
2025-06-22 13:34:53 error: Error: Invalid credentials
2025-06-22 13:35:02 error: Error: Invalid credentials
2025-06-22 13:35:11 error: Error: Invalid credentials
2025-06-22 13:35:41 error: Error: Account is locked. Please try again later
2025-06-22 13:38:08 error: Error: Account is locked. Please try again later
2025-06-22 13:39:24 error: Error: Not authorized to access this route
2025-07-03 17:44:34 error: Error: Account is locked due to too many failed attempts. Please try again later
2025-07-03 17:45:18 error: Error: Invalid credentials
2025-07-04 18:16:57 error: Error: Invalid credentials
2025-07-04 18:17:23 error: Error: Invalid credentials
2025-07-04 18:36:45 error: ValidationError: Message validation failed: content: Path `content` is required.
2025-07-04 18:40:02 error: ValidationError: Message validation failed: content: Path `content` is required.
2025-07-04 18:46:47 error: ValidationError: Message validation failed: content: Path `content` is required.
2025-07-04 18:51:37 error: TypeError: Cannot read properties of undefined (reading 'to')
2025-07-04 19:14:01 error: TypeError: Cannot read properties of undefined (reading 'to')
2025-07-04 19:17:55 error: TypeError: Cannot read properties of undefined (reading 'to')
2025-07-04 19:24:17 error: TypeError: Cannot read properties of undefined (reading 'to')
2025-07-04 19:28:23 error: TypeError: Cannot read properties of undefined (reading 'to')
2025-07-04 19:49:05 error: TypeError: Cannot read properties of undefined (reading 'to')
2025-07-04 20:04:01 error: TypeError: Cannot read properties of undefined (reading 'to')
2025-07-04 20:21:31 error: Error: Invalid credentials
2025-07-04 20:21:38 error: Error: Invalid credentials
2025-07-04 20:21:54 error: Error: Invalid credentials
2025-07-04 20:22:32 error: Error: Invalid credentials
2025-07-04 20:23:48 error: Error: Invalid credentials
2025-07-04 20:31:46 error: ValidationError: User validation failed: specialties.0: `html` is not a valid enum value for path `specialties.0`.
2025-07-04 20:32:40 error: ValidationError: User validation failed: specialties.0: `html` is not a valid enum value for path `specialties.0`.
2025-07-04 20:41:44 error: Error: Invalid token
2025-07-04 20:50:00 error: Error: Account is locked. Please try again later
2025-07-06 15:24:53 error: Error: Account is locked due to too many failed attempts. Please try again later
2025-07-22 18:12:26 error: [31mDatabase Connection Error: querySrv ECONNREFUSED _mongodb._tcp.cluster0.jxpglfb.mongodb.net[39m
2025-07-22 18:20:48 error: Error: Invalid credentials
2025-07-22 18:21:02 error: Error: Invalid credentials
2025-07-22 18:21:13 error: Error: Invalid credentials
2025-07-22 18:28:02 error: Error: Not authorized to access this route
2025-07-22 21:04:13 error: [31mDatabase Connection Error: Could not connect to any servers in your MongoDB Atlas cluster. One common reason is that you're trying to access the database from an IP that isn't whitelisted. Make sure your current IP address is on your Atlas cluster's IP whitelist: https://www.mongodb.com/docs/atlas/security-whitelist/[39m
2025-07-23 11:29:27 error: [31mDatabase Connection Error: querySrv ECONNREFUSED _mongodb._tcp.cluster0.jxpglfb.mongodb.net[39m
2025-07-23 11:29:44 error: [31mDatabase Connection Error: querySrv ECONNREFUSED _mongodb._tcp.cluster0.jxpglfb.mongodb.net[39m
2025-07-23 12:01:32 error: [31mDatabase Connection Error: querySrv ECONNREFUSED _mongodb._tcp.cluster0.jxpglfb.mongodb.net[39m
2025-07-23 12:01:49 error: [31mDatabase Connection Error: querySrv ECONNREFUSED _mongodb._tcp.cluster0.jxpglfb.mongodb.net[39m
2025-07-23 12:11:08 error: [31mDatabase Connection Error: querySrv ECONNREFUSED _mongodb._tcp.cluster0.jxpglfb.mongodb.net[39m
2025-07-23 21:48:15 error: [31mError: Mentorship is not defined[39m
2025-07-23 21:50:14 error: [31mError: Mentorship is not defined[39m
2025-07-24 11:22:44 error: [31mDatabase Connection Error: Could not connect to any servers in your MongoDB Atlas cluster. One common reason is that you're trying to access the database from an IP that isn't whitelisted. Make sure your current IP address is on your Atlas cluster's IP whitelist: https://www.mongodb.com/docs/atlas/security-whitelist/[39m
2025-07-30 10:18:33 error: [31mError: Mentorship is not defined[39m
2025-07-30 15:34:33 error: [31mError: Mentorship is not defined[39m
2025-07-30 15:52:15 error: Error: Not authorized to access this route
2025-07-30 16:03:20 error: Error: Not authorized to access this route
2025-07-30 16:24:30 error: Error: Not authorized to access this route
2025-07-30 16:26:25 error: Error: Not authorized to access this route
2025-07-30 16:27:23 error: Error: Not authorized to access this route
2025-07-31 12:43:37 error: [31mError: Mentorship is not defined[39m
2025-07-31 12:55:43 error: [31mError: Mentorship validation failed: mentorId: Path `mentorId` is required., userId: Path `userId` is required.[39m
2025-07-31 13:01:10 error: [31mError: Mentorship validation failed: mentorId: Path `mentorId` is required., userId: Path `userId` is required.[39m
2025-07-31 13:03:05 error: Error: Not authorized to access this session
2025-07-31 13:16:04 error: Error: Premium subscription required to access this content
2025-07-31 13:49:18 error: Error: Not authorized to access this route
2025-07-31 14:05:02 error: Error: Not authorized to access this route
2025-07-31 14:55:52 error: Error: Not authorized to access this route
2025-07-31 14:57:30 error: Error: Not authorized to access this route
2025-07-31 15:03:28 error: Error: Not authorized to access this route
2025-07-31 15:06:13 error: Error: Not authorized to access this route
2025-07-31 15:24:27 error: CastError: Cast to ObjectId failed for value "[object Object]" (type string) at path "_id" for model "Mentorship"
2025-07-31 15:24:38 error: CastError: Cast to ObjectId failed for value "[object Object]" (type string) at path "_id" for model "Mentorship"
2025-07-31 15:30:21 error: CastError: Cast to ObjectId failed for value "[object Object]" (type string) at path "_id" for model "Mentorship"
2025-07-31 15:30:21 error: CastError: Cast to ObjectId failed for value "[object Object]" (type string) at path "_id" for model "Mentorship"
2025-07-31 15:30:26 error: CastError: Cast to ObjectId failed for value "[object Object]" (type string) at path "_id" for model "Mentorship"
2025-07-31 15:30:31 error: CastError: Cast to ObjectId failed for value "[object Object]" (type string) at path "_id" for model "Mentorship"
2025-07-31 15:30:36 error: CastError: Cast to ObjectId failed for value "[object Object]" (type string) at path "_id" for model "Mentorship"
2025-07-31 15:30:41 error: CastError: Cast to ObjectId failed for value "[object Object]" (type string) at path "_id" for model "Mentorship"
2025-07-31 15:30:46 error: CastError: Cast to ObjectId failed for value "[object Object]" (type string) at path "_id" for model "Mentorship"
2025-07-31 15:30:51 error: CastError: Cast to ObjectId failed for value "[object Object]" (type string) at path "_id" for model "Mentorship"
2025-07-31 15:32:42 error: Error: Not authorized to access this session
2025-07-31 15:33:01 error: Error: Not authorized to access this session
2025-07-31 16:22:10 error: Error: Unexpected end of form
2025-07-31 16:38:44 error: Error: Unexpected end of form
2025-07-31 20:28:51 error: Error: Not authorized to access this route
2025-07-31 20:28:56 error: Error: Not authorized to access this route
2025-08-03 01:40:09 error: [31mDatabase Connection Error: querySrv ECONNREFUSED _mongodb._tcp.cluster0.jxpglfb.mongodb.net[39m
2025-08-03 09:06:46 error: Error: Premium subscription required to access this content
2025-08-04 01:05:41 error: MongoPoolClearedError: Connection pool for ac-cktbf1f-shard-00-01.jxpglfb.mongodb.net:27017 was cleared because another operation failed with: "connection <monitor> to 89.192.8.203:27017 closed"
2025-08-04 01:27:23 error: [31mError: connect ETIMEDOUT 89.192.8.203:27017[39m
2025-08-04 01:30:38 error: [31mError: getaddrinfo ENOTFOUND ac-cktbf1f-shard-00-00.jxpglfb.mongodb.net[39m
2025-08-04 01:32:33 error: [31mDatabase Connection Error: querySrv ETIMEOUT _mongodb._tcp.cluster0.jxpglfb.mongodb.net[39m
2025-08-04 01:37:00 error: [31mError: Cast to ObjectId failed for value "undefined" (type string) at path "_id" for model "User"[39m
2025-08-06 22:06:52 error: [31mDatabase Connection Error: Could not connect to any servers in your MongoDB Atlas cluster. One common reason is that you're trying to access the database from an IP that isn't whitelisted. Make sure your current IP address is on your Atlas cluster's IP whitelist: https://www.mongodb.com/docs/atlas/security-whitelist/[39m
2025-08-06 22:21:39 error: [31mDatabase Connection Error: querySrv ESERVFAIL _mongodb._tcp.cluster0.jxpglfb.mongodb.net[39m
