2025-05-17 18:54:01 error: uncaughtException: Cannot find module './config/database'
Require stack:
- C:\Users\USER\Desktop\CodeMaster Server\src\app.js
- C:\Users\USER\Desktop\CodeMaster Server\src\server.js
Error: Cannot find module './config/database'
Require stack:
- C:\Users\USER\Desktop\CodeMaster Server\src\app.js
- C:\Users\USER\Desktop\CodeMaster Server\src\server.js
    at Function._resolveFilename (node:internal/modules/cjs/loader:1249:15)
    at Function._load (node:internal/modules/cjs/loader:1075:27)
    at TracingChannel.traceSync (node:diagnostics_channel:322:14)
    at wrapModuleLoad (node:internal/modules/cjs/loader:219:24)
    at Module.require (node:internal/modules/cjs/loader:1340:12)
    at require (node:internal/modules/helpers:138:16)
    at Object.<anonymous> (C:\Users\USER\Desktop\CodeMaster Server\src\app.js:18:19)
    at Module._compile (node:internal/modules/cjs/loader:1565:14)
    at Object..js (node:internal/modules/cjs/loader:1708:10)
    at Module.load (node:internal/modules/cjs/loader:1318:32)
2025-05-17 18:54:29 error: uncaughtException: Cannot find module './config/database'
Require stack:
- C:\Users\USER\Desktop\CodeMaster Server\src\app.js
- C:\Users\USER\Desktop\CodeMaster Server\src\server.js
Error: Cannot find module './config/database'
Require stack:
- C:\Users\USER\Desktop\CodeMaster Server\src\app.js
- C:\Users\USER\Desktop\CodeMaster Server\src\server.js
    at Function._resolveFilename (node:internal/modules/cjs/loader:1249:15)
    at Function._load (node:internal/modules/cjs/loader:1075:27)
    at TracingChannel.traceSync (node:diagnostics_channel:322:14)
    at wrapModuleLoad (node:internal/modules/cjs/loader:219:24)
    at Module.require (node:internal/modules/cjs/loader:1340:12)
    at require (node:internal/modules/helpers:138:16)
    at Object.<anonymous> (C:\Users\USER\Desktop\CodeMaster Server\src\app.js:18:19)
    at Module._compile (node:internal/modules/cjs/loader:1565:14)
    at Object..js (node:internal/modules/cjs/loader:1708:10)
    at Module.load (node:internal/modules/cjs/loader:1318:32)
2025-05-17 18:54:41 error: uncaughtException: Cannot find module './config/database'
Require stack:
- C:\Users\USER\Desktop\CodeMaster Server\src\app.js
- C:\Users\USER\Desktop\CodeMaster Server\src\server.js
Error: Cannot find module './config/database'
Require stack:
- C:\Users\USER\Desktop\CodeMaster Server\src\app.js
- C:\Users\USER\Desktop\CodeMaster Server\src\server.js
    at Function._resolveFilename (node:internal/modules/cjs/loader:1249:15)
    at Function._load (node:internal/modules/cjs/loader:1075:27)
    at TracingChannel.traceSync (node:diagnostics_channel:322:14)
    at wrapModuleLoad (node:internal/modules/cjs/loader:219:24)
    at Module.require (node:internal/modules/cjs/loader:1340:12)
    at require (node:internal/modules/helpers:138:16)
    at Object.<anonymous> (C:\Users\USER\Desktop\CodeMaster Server\src\app.js:18:19)
    at Module._compile (node:internal/modules/cjs/loader:1565:14)
    at Object..js (node:internal/modules/cjs/loader:1708:10)
    at Module.load (node:internal/modules/cjs/loader:1318:32)
2025-05-17 18:55:23 error: uncaughtException: Cannot find module './config/database'
Require stack:
- C:\Users\USER\Desktop\CodeMaster Server\src\app.js
- C:\Users\USER\Desktop\CodeMaster Server\src\server.js
Error: Cannot find module './config/database'
Require stack:
- C:\Users\USER\Desktop\CodeMaster Server\src\app.js
- C:\Users\USER\Desktop\CodeMaster Server\src\server.js
    at Function._resolveFilename (node:internal/modules/cjs/loader:1249:15)
    at Function._load (node:internal/modules/cjs/loader:1075:27)
    at TracingChannel.traceSync (node:diagnostics_channel:322:14)
    at wrapModuleLoad (node:internal/modules/cjs/loader:219:24)
    at Module.require (node:internal/modules/cjs/loader:1340:12)
    at require (node:internal/modules/helpers:138:16)
    at Object.<anonymous> (C:\Users\USER\Desktop\CodeMaster Server\src\app.js:18:19)
    at Module._compile (node:internal/modules/cjs/loader:1565:14)
    at Object..js (node:internal/modules/cjs/loader:1708:10)
    at Module.load (node:internal/modules/cjs/loader:1318:32)
2025-05-19 21:29:54 error: uncaughtException: Cannot find module './config/database'
Require stack:
- C:\Users\USER\Desktop\CodeMaster Server\src\app.js
- C:\Users\USER\Desktop\CodeMaster Server\src\server.js
Error: Cannot find module './config/database'
Require stack:
- C:\Users\USER\Desktop\CodeMaster Server\src\app.js
- C:\Users\USER\Desktop\CodeMaster Server\src\server.js
    at Function._resolveFilename (node:internal/modules/cjs/loader:1249:15)
    at Function._load (node:internal/modules/cjs/loader:1075:27)
    at TracingChannel.traceSync (node:diagnostics_channel:322:14)
    at wrapModuleLoad (node:internal/modules/cjs/loader:219:24)
    at Module.require (node:internal/modules/cjs/loader:1340:12)
    at require (node:internal/modules/helpers:138:16)
    at Object.<anonymous> (C:\Users\USER\Desktop\CodeMaster Server\src\app.js:18:19)
    at Module._compile (node:internal/modules/cjs/loader:1565:14)
    at Object..js (node:internal/modules/cjs/loader:1708:10)
    at Module.load (node:internal/modules/cjs/loader:1318:32)
2025-05-19 21:32:02 error: uncaughtException: Cannot find module './config/database'
Require stack:
- C:\Users\USER\Desktop\CodeMaster Server\src\app.js
- C:\Users\USER\Desktop\CodeMaster Server\src\server.js
Error: Cannot find module './config/database'
Require stack:
- C:\Users\USER\Desktop\CodeMaster Server\src\app.js
- C:\Users\USER\Desktop\CodeMaster Server\src\server.js
    at Function._resolveFilename (node:internal/modules/cjs/loader:1249:15)
    at Function._load (node:internal/modules/cjs/loader:1075:27)
    at TracingChannel.traceSync (node:diagnostics_channel:322:14)
    at wrapModuleLoad (node:internal/modules/cjs/loader:219:24)
    at Module.require (node:internal/modules/cjs/loader:1340:12)
    at require (node:internal/modules/helpers:138:16)
    at Object.<anonymous> (C:\Users\USER\Desktop\CodeMaster Server\src\app.js:18:19)
    at Module._compile (node:internal/modules/cjs/loader:1565:14)
    at Object..js (node:internal/modules/cjs/loader:1708:10)
    at Module.load (node:internal/modules/cjs/loader:1318:32)
2025-05-19 21:32:37 error: uncaughtException: Cannot find module './config/database'
Require stack:
- C:\Users\USER\Desktop\CodeMaster Server\src\app.js
- C:\Users\USER\Desktop\CodeMaster Server\src\server.js
Error: Cannot find module './config/database'
Require stack:
- C:\Users\USER\Desktop\CodeMaster Server\src\app.js
- C:\Users\USER\Desktop\CodeMaster Server\src\server.js
    at Function._resolveFilename (node:internal/modules/cjs/loader:1249:15)
    at Function._load (node:internal/modules/cjs/loader:1075:27)
    at TracingChannel.traceSync (node:diagnostics_channel:322:14)
    at wrapModuleLoad (node:internal/modules/cjs/loader:219:24)
    at Module.require (node:internal/modules/cjs/loader:1340:12)
    at require (node:internal/modules/helpers:138:16)
    at Object.<anonymous> (C:\Users\USER\Desktop\CodeMaster Server\src\app.js:18:19)
    at Module._compile (node:internal/modules/cjs/loader:1565:14)
    at Object..js (node:internal/modules/cjs/loader:1708:10)
    at Module.load (node:internal/modules/cjs/loader:1318:32)
2025-05-19 21:33:04 error: uncaughtException: Cannot find module './config/database'
Require stack:
- C:\Users\USER\Desktop\CodeMaster Server\src\app.js
- C:\Users\USER\Desktop\CodeMaster Server\src\server.js
Error: Cannot find module './config/database'
Require stack:
- C:\Users\USER\Desktop\CodeMaster Server\src\app.js
- C:\Users\USER\Desktop\CodeMaster Server\src\server.js
    at Function._resolveFilename (node:internal/modules/cjs/loader:1249:15)
    at Function._load (node:internal/modules/cjs/loader:1075:27)
    at TracingChannel.traceSync (node:diagnostics_channel:322:14)
    at wrapModuleLoad (node:internal/modules/cjs/loader:219:24)
    at Module.require (node:internal/modules/cjs/loader:1340:12)
    at require (node:internal/modules/helpers:138:16)
    at Object.<anonymous> (C:\Users\USER\Desktop\CodeMaster Server\src\app.js:18:19)
    at Module._compile (node:internal/modules/cjs/loader:1565:14)
    at Object..js (node:internal/modules/cjs/loader:1708:10)
    at Module.load (node:internal/modules/cjs/loader:1318:32)
2025-05-19 21:33:11 error: uncaughtException: Cannot find module './config/database'
Require stack:
- C:\Users\USER\Desktop\CodeMaster Server\src\app.js
- C:\Users\USER\Desktop\CodeMaster Server\src\server.js
Error: Cannot find module './config/database'
Require stack:
- C:\Users\USER\Desktop\CodeMaster Server\src\app.js
- C:\Users\USER\Desktop\CodeMaster Server\src\server.js
    at Function._resolveFilename (node:internal/modules/cjs/loader:1249:15)
    at Function._load (node:internal/modules/cjs/loader:1075:27)
    at TracingChannel.traceSync (node:diagnostics_channel:322:14)
    at wrapModuleLoad (node:internal/modules/cjs/loader:219:24)
    at Module.require (node:internal/modules/cjs/loader:1340:12)
    at require (node:internal/modules/helpers:138:16)
    at Object.<anonymous> (C:\Users\USER\Desktop\CodeMaster Server\src\app.js:18:19)
    at Module._compile (node:internal/modules/cjs/loader:1565:14)
    at Object..js (node:internal/modules/cjs/loader:1708:10)
    at Module.load (node:internal/modules/cjs/loader:1318:32)
2025-05-19 21:33:19 error: uncaughtException: Cannot find module './config/database'
Require stack:
- C:\Users\USER\Desktop\CodeMaster Server\src\app.js
- C:\Users\USER\Desktop\CodeMaster Server\src\server.js
Error: Cannot find module './config/database'
Require stack:
- C:\Users\USER\Desktop\CodeMaster Server\src\app.js
- C:\Users\USER\Desktop\CodeMaster Server\src\server.js
    at Function._resolveFilename (node:internal/modules/cjs/loader:1249:15)
    at Function._load (node:internal/modules/cjs/loader:1075:27)
    at TracingChannel.traceSync (node:diagnostics_channel:322:14)
    at wrapModuleLoad (node:internal/modules/cjs/loader:219:24)
    at Module.require (node:internal/modules/cjs/loader:1340:12)
    at require (node:internal/modules/helpers:138:16)
    at Object.<anonymous> (C:\Users\USER\Desktop\CodeMaster Server\src\app.js:18:19)
    at Module._compile (node:internal/modules/cjs/loader:1565:14)
    at Object..js (node:internal/modules/cjs/loader:1708:10)
    at Module.load (node:internal/modules/cjs/loader:1318:32)
2025-05-19 21:33:20 error: uncaughtException: Cannot find module './config/database'
Require stack:
- C:\Users\USER\Desktop\CodeMaster Server\src\app.js
- C:\Users\USER\Desktop\CodeMaster Server\src\server.js
Error: Cannot find module './config/database'
Require stack:
- C:\Users\USER\Desktop\CodeMaster Server\src\app.js
- C:\Users\USER\Desktop\CodeMaster Server\src\server.js
    at Function._resolveFilename (node:internal/modules/cjs/loader:1249:15)
    at Function._load (node:internal/modules/cjs/loader:1075:27)
    at TracingChannel.traceSync (node:diagnostics_channel:322:14)
    at wrapModuleLoad (node:internal/modules/cjs/loader:219:24)
    at Module.require (node:internal/modules/cjs/loader:1340:12)
    at require (node:internal/modules/helpers:138:16)
    at Object.<anonymous> (C:\Users\USER\Desktop\CodeMaster Server\src\app.js:18:19)
    at Module._compile (node:internal/modules/cjs/loader:1565:14)
    at Object..js (node:internal/modules/cjs/loader:1708:10)
    at Module.load (node:internal/modules/cjs/loader:1318:32)
2025-05-19 21:33:59 error: uncaughtException: Cannot find module './config/database'
Require stack:
- C:\Users\USER\Desktop\CodeMaster Server\src\app.js
- C:\Users\USER\Desktop\CodeMaster Server\src\server.js
Error: Cannot find module './config/database'
Require stack:
- C:\Users\USER\Desktop\CodeMaster Server\src\app.js
- C:\Users\USER\Desktop\CodeMaster Server\src\server.js
    at Function._resolveFilename (node:internal/modules/cjs/loader:1249:15)
    at Function._load (node:internal/modules/cjs/loader:1075:27)
    at TracingChannel.traceSync (node:diagnostics_channel:322:14)
    at wrapModuleLoad (node:internal/modules/cjs/loader:219:24)
    at Module.require (node:internal/modules/cjs/loader:1340:12)
    at require (node:internal/modules/helpers:138:16)
    at Object.<anonymous> (C:\Users\USER\Desktop\CodeMaster Server\src\app.js:18:19)
    at Module._compile (node:internal/modules/cjs/loader:1565:14)
    at Object..js (node:internal/modules/cjs/loader:1708:10)
    at Module.load (node:internal/modules/cjs/loader:1318:32)
2025-05-19 21:34:00 error: uncaughtException: Cannot find module './config/database'
Require stack:
- C:\Users\USER\Desktop\CodeMaster Server\src\app.js
- C:\Users\USER\Desktop\CodeMaster Server\src\server.js
Error: Cannot find module './config/database'
Require stack:
- C:\Users\USER\Desktop\CodeMaster Server\src\app.js
- C:\Users\USER\Desktop\CodeMaster Server\src\server.js
    at Function._resolveFilename (node:internal/modules/cjs/loader:1249:15)
    at Function._load (node:internal/modules/cjs/loader:1075:27)
    at TracingChannel.traceSync (node:diagnostics_channel:322:14)
    at wrapModuleLoad (node:internal/modules/cjs/loader:219:24)
    at Module.require (node:internal/modules/cjs/loader:1340:12)
    at require (node:internal/modules/helpers:138:16)
    at Object.<anonymous> (C:\Users\USER\Desktop\CodeMaster Server\src\app.js:18:19)
    at Module._compile (node:internal/modules/cjs/loader:1565:14)
    at Object..js (node:internal/modules/cjs/loader:1708:10)
    at Module.load (node:internal/modules/cjs/loader:1318:32)
2025-05-19 21:35:07 error: uncaughtException: connectDB is not a function
TypeError: connectDB is not a function
    at Object.<anonymous> (C:\Users\USER\Desktop\CodeMaster Server\src\app.js:24:1)
    at Module._compile (node:internal/modules/cjs/loader:1565:14)
    at Object..js (node:internal/modules/cjs/loader:1708:10)
    at Module.load (node:internal/modules/cjs/loader:1318:32)
    at Function._load (node:internal/modules/cjs/loader:1128:12)
    at TracingChannel.traceSync (node:diagnostics_channel:322:14)
    at wrapModuleLoad (node:internal/modules/cjs/loader:219:24)
    at Module.require (node:internal/modules/cjs/loader:1340:12)
    at require (node:internal/modules/helpers:138:16)
    at Object.<anonymous> (C:\Users\USER\Desktop\CodeMaster Server\src\server.js:2:13)
2025-05-19 21:35:11 error: uncaughtException: Cannot find module 'slugify'
Require stack:
- C:\Users\USER\Desktop\CodeMaster Server\src\models\Course.js
- C:\Users\USER\Desktop\CodeMaster Server\src\controllers\courseController.js
- C:\Users\USER\Desktop\CodeMaster Server\src\routes\courses.js
- C:\Users\USER\Desktop\CodeMaster Server\src\app.js
- C:\Users\USER\Desktop\CodeMaster Server\src\server.js
Error: Cannot find module 'slugify'
Require stack:
- C:\Users\USER\Desktop\CodeMaster Server\src\models\Course.js
- C:\Users\USER\Desktop\CodeMaster Server\src\controllers\courseController.js
- C:\Users\USER\Desktop\CodeMaster Server\src\routes\courses.js
- C:\Users\USER\Desktop\CodeMaster Server\src\app.js
- C:\Users\USER\Desktop\CodeMaster Server\src\server.js
    at Function._resolveFilename (node:internal/modules/cjs/loader:1249:15)
    at Function._load (node:internal/modules/cjs/loader:1075:27)
    at TracingChannel.traceSync (node:diagnostics_channel:322:14)
    at wrapModuleLoad (node:internal/modules/cjs/loader:219:24)
    at Module.require (node:internal/modules/cjs/loader:1340:12)
    at require (node:internal/modules/helpers:138:16)
    at Object.<anonymous> (C:\Users\USER\Desktop\CodeMaster Server\src\models\Course.js:2:17)
    at Module._compile (node:internal/modules/cjs/loader:1565:14)
    at Object..js (node:internal/modules/cjs/loader:1708:10)
    at Module.load (node:internal/modules/cjs/loader:1318:32)
2025-05-19 21:35:20 error: uncaughtException: Cannot find module 'slugify'
Require stack:
- C:\Users\USER\Desktop\CodeMaster Server\src\models\Course.js
- C:\Users\USER\Desktop\CodeMaster Server\src\controllers\courseController.js
- C:\Users\USER\Desktop\CodeMaster Server\src\routes\courses.js
- C:\Users\USER\Desktop\CodeMaster Server\src\app.js
- C:\Users\USER\Desktop\CodeMaster Server\src\server.js
Error: Cannot find module 'slugify'
Require stack:
- C:\Users\USER\Desktop\CodeMaster Server\src\models\Course.js
- C:\Users\USER\Desktop\CodeMaster Server\src\controllers\courseController.js
- C:\Users\USER\Desktop\CodeMaster Server\src\routes\courses.js
- C:\Users\USER\Desktop\CodeMaster Server\src\app.js
- C:\Users\USER\Desktop\CodeMaster Server\src\server.js
    at Function._resolveFilename (node:internal/modules/cjs/loader:1249:15)
    at Function._load (node:internal/modules/cjs/loader:1075:27)
    at TracingChannel.traceSync (node:diagnostics_channel:322:14)
    at wrapModuleLoad (node:internal/modules/cjs/loader:219:24)
    at Module.require (node:internal/modules/cjs/loader:1340:12)
    at require (node:internal/modules/helpers:138:16)
    at Object.<anonymous> (C:\Users\USER\Desktop\CodeMaster Server\src\models\Course.js:2:17)
    at Module._compile (node:internal/modules/cjs/loader:1565:14)
    at Object..js (node:internal/modules/cjs/loader:1708:10)
    at Module.load (node:internal/modules/cjs/loader:1318:32)
2025-05-19 21:38:35 error: uncaughtException: Cannot find module 'slugify'
Require stack:
- C:\Users\USER\Desktop\CodeMaster Server\src\models\Course.js
- C:\Users\USER\Desktop\CodeMaster Server\src\controllers\courseController.js
- C:\Users\USER\Desktop\CodeMaster Server\src\routes\courses.js
- C:\Users\USER\Desktop\CodeMaster Server\src\app.js
- C:\Users\USER\Desktop\CodeMaster Server\src\server.js
Error: Cannot find module 'slugify'
Require stack:
- C:\Users\USER\Desktop\CodeMaster Server\src\models\Course.js
- C:\Users\USER\Desktop\CodeMaster Server\src\controllers\courseController.js
- C:\Users\USER\Desktop\CodeMaster Server\src\routes\courses.js
- C:\Users\USER\Desktop\CodeMaster Server\src\app.js
- C:\Users\USER\Desktop\CodeMaster Server\src\server.js
    at Function._resolveFilename (node:internal/modules/cjs/loader:1249:15)
    at Function._load (node:internal/modules/cjs/loader:1075:27)
    at TracingChannel.traceSync (node:diagnostics_channel:322:14)
    at wrapModuleLoad (node:internal/modules/cjs/loader:219:24)
    at Module.require (node:internal/modules/cjs/loader:1340:12)
    at require (node:internal/modules/helpers:138:16)
    at Object.<anonymous> (C:\Users\USER\Desktop\CodeMaster Server\src\models\Course.js:2:17)
    at Module._compile (node:internal/modules/cjs/loader:1565:14)
    at Object..js (node:internal/modules/cjs/loader:1708:10)
    at Module.load (node:internal/modules/cjs/loader:1318:32)
2025-05-19 21:38:38 error: uncaughtException: Cannot find module 'slugify'
Require stack:
- C:\Users\USER\Desktop\CodeMaster Server\src\models\Course.js
- C:\Users\USER\Desktop\CodeMaster Server\src\controllers\courseController.js
- C:\Users\USER\Desktop\CodeMaster Server\src\routes\courses.js
- C:\Users\USER\Desktop\CodeMaster Server\src\app.js
- C:\Users\USER\Desktop\CodeMaster Server\src\server.js
Error: Cannot find module 'slugify'
Require stack:
- C:\Users\USER\Desktop\CodeMaster Server\src\models\Course.js
- C:\Users\USER\Desktop\CodeMaster Server\src\controllers\courseController.js
- C:\Users\USER\Desktop\CodeMaster Server\src\routes\courses.js
- C:\Users\USER\Desktop\CodeMaster Server\src\app.js
- C:\Users\USER\Desktop\CodeMaster Server\src\server.js
    at Function._resolveFilename (node:internal/modules/cjs/loader:1249:15)
    at Function._load (node:internal/modules/cjs/loader:1075:27)
    at TracingChannel.traceSync (node:diagnostics_channel:322:14)
    at wrapModuleLoad (node:internal/modules/cjs/loader:219:24)
    at Module.require (node:internal/modules/cjs/loader:1340:12)
    at require (node:internal/modules/helpers:138:16)
    at Object.<anonymous> (C:\Users\USER\Desktop\CodeMaster Server\src\models\Course.js:2:17)
    at Module._compile (node:internal/modules/cjs/loader:1565:14)
    at Object..js (node:internal/modules/cjs/loader:1708:10)
    at Module.load (node:internal/modules/cjs/loader:1318:32)
2025-05-19 21:38:49 error: uncaughtException: Cannot find module 'slugify'
Require stack:
- C:\Users\USER\Desktop\CodeMaster Server\src\models\Course.js
- C:\Users\USER\Desktop\CodeMaster Server\src\controllers\courseController.js
- C:\Users\USER\Desktop\CodeMaster Server\src\routes\courses.js
- C:\Users\USER\Desktop\CodeMaster Server\src\app.js
- C:\Users\USER\Desktop\CodeMaster Server\src\server.js
Error: Cannot find module 'slugify'
Require stack:
- C:\Users\USER\Desktop\CodeMaster Server\src\models\Course.js
- C:\Users\USER\Desktop\CodeMaster Server\src\controllers\courseController.js
- C:\Users\USER\Desktop\CodeMaster Server\src\routes\courses.js
- C:\Users\USER\Desktop\CodeMaster Server\src\app.js
- C:\Users\USER\Desktop\CodeMaster Server\src\server.js
    at Function._resolveFilename (node:internal/modules/cjs/loader:1249:15)
    at Function._load (node:internal/modules/cjs/loader:1075:27)
    at TracingChannel.traceSync (node:diagnostics_channel:322:14)
    at wrapModuleLoad (node:internal/modules/cjs/loader:219:24)
    at Module.require (node:internal/modules/cjs/loader:1340:12)
    at require (node:internal/modules/helpers:138:16)
    at Object.<anonymous> (C:\Users\USER\Desktop\CodeMaster Server\src\models\Course.js:2:17)
    at Module._compile (node:internal/modules/cjs/loader:1565:14)
    at Object..js (node:internal/modules/cjs/loader:1708:10)
    at Module.load (node:internal/modules/cjs/loader:1318:32)
2025-05-19 21:38:50 error: uncaughtException: Cannot find module 'slugify'
Require stack:
- C:\Users\USER\Desktop\CodeMaster Server\src\models\Course.js
- C:\Users\USER\Desktop\CodeMaster Server\src\controllers\courseController.js
- C:\Users\USER\Desktop\CodeMaster Server\src\routes\courses.js
- C:\Users\USER\Desktop\CodeMaster Server\src\app.js
- C:\Users\USER\Desktop\CodeMaster Server\src\server.js
Error: Cannot find module 'slugify'
Require stack:
- C:\Users\USER\Desktop\CodeMaster Server\src\models\Course.js
- C:\Users\USER\Desktop\CodeMaster Server\src\controllers\courseController.js
- C:\Users\USER\Desktop\CodeMaster Server\src\routes\courses.js
- C:\Users\USER\Desktop\CodeMaster Server\src\app.js
- C:\Users\USER\Desktop\CodeMaster Server\src\server.js
    at Function._resolveFilename (node:internal/modules/cjs/loader:1249:15)
    at Function._load (node:internal/modules/cjs/loader:1075:27)
    at TracingChannel.traceSync (node:diagnostics_channel:322:14)
    at wrapModuleLoad (node:internal/modules/cjs/loader:219:24)
    at Module.require (node:internal/modules/cjs/loader:1340:12)
    at require (node:internal/modules/helpers:138:16)
    at Object.<anonymous> (C:\Users\USER\Desktop\CodeMaster Server\src\models\Course.js:2:17)
    at Module._compile (node:internal/modules/cjs/loader:1565:14)
    at Object..js (node:internal/modules/cjs/loader:1708:10)
    at Module.load (node:internal/modules/cjs/loader:1318:32)
2025-05-19 21:39:13 error: uncaughtException: Cannot find module 'slugify'
Require stack:
- C:\Users\USER\Desktop\CodeMaster Server\src\models\Course.js
- C:\Users\USER\Desktop\CodeMaster Server\src\controllers\courseController.js
- C:\Users\USER\Desktop\CodeMaster Server\src\routes\courses.js
- C:\Users\USER\Desktop\CodeMaster Server\src\app.js
- C:\Users\USER\Desktop\CodeMaster Server\src\server.js
Error: Cannot find module 'slugify'
Require stack:
- C:\Users\USER\Desktop\CodeMaster Server\src\models\Course.js
- C:\Users\USER\Desktop\CodeMaster Server\src\controllers\courseController.js
- C:\Users\USER\Desktop\CodeMaster Server\src\routes\courses.js
- C:\Users\USER\Desktop\CodeMaster Server\src\app.js
- C:\Users\USER\Desktop\CodeMaster Server\src\server.js
    at Function._resolveFilename (node:internal/modules/cjs/loader:1249:15)
    at Function._load (node:internal/modules/cjs/loader:1075:27)
    at TracingChannel.traceSync (node:diagnostics_channel:322:14)
    at wrapModuleLoad (node:internal/modules/cjs/loader:219:24)
    at Module.require (node:internal/modules/cjs/loader:1340:12)
    at require (node:internal/modules/helpers:138:16)
    at Object.<anonymous> (C:\Users\USER\Desktop\CodeMaster Server\src\models\Course.js:2:17)
    at Module._compile (node:internal/modules/cjs/loader:1565:14)
    at Object..js (node:internal/modules/cjs/loader:1708:10)
    at Module.load (node:internal/modules/cjs/loader:1318:32)
2025-05-19 21:39:29 error: uncaughtException: Cannot find module 'slugify'
Require stack:
- C:\Users\USER\Desktop\CodeMaster Server\src\models\Course.js
- C:\Users\USER\Desktop\CodeMaster Server\src\controllers\courseController.js
- C:\Users\USER\Desktop\CodeMaster Server\src\routes\courses.js
- C:\Users\USER\Desktop\CodeMaster Server\src\app.js
- C:\Users\USER\Desktop\CodeMaster Server\src\server.js
Error: Cannot find module 'slugify'
Require stack:
- C:\Users\USER\Desktop\CodeMaster Server\src\models\Course.js
- C:\Users\USER\Desktop\CodeMaster Server\src\controllers\courseController.js
- C:\Users\USER\Desktop\CodeMaster Server\src\routes\courses.js
- C:\Users\USER\Desktop\CodeMaster Server\src\app.js
- C:\Users\USER\Desktop\CodeMaster Server\src\server.js
    at Function._resolveFilename (node:internal/modules/cjs/loader:1249:15)
    at Function._load (node:internal/modules/cjs/loader:1075:27)
    at TracingChannel.traceSync (node:diagnostics_channel:322:14)
    at wrapModuleLoad (node:internal/modules/cjs/loader:219:24)
    at Module.require (node:internal/modules/cjs/loader:1340:12)
    at require (node:internal/modules/helpers:138:16)
    at Object.<anonymous> (C:\Users\USER\Desktop\CodeMaster Server\src\models\Course.js:2:17)
    at Module._compile (node:internal/modules/cjs/loader:1565:14)
    at Object..js (node:internal/modules/cjs/loader:1708:10)
    at Module.load (node:internal/modules/cjs/loader:1318:32)
2025-06-15 23:57:17 error: uncaughtException: Cannot find module './config/db'
Require stack:
- C:\Users\USER\Desktop\Master\CodeMasterServer\src\server.js
Error: Cannot find module './config/db'
Require stack:
- C:\Users\USER\Desktop\Master\CodeMasterServer\src\server.js
    at Function._resolveFilename (node:internal/modules/cjs/loader:1249:15)
    at Function._load (node:internal/modules/cjs/loader:1075:27)
    at TracingChannel.traceSync (node:diagnostics_channel:322:14)
    at wrapModuleLoad (node:internal/modules/cjs/loader:219:24)
    at Module.require (node:internal/modules/cjs/loader:1340:12)
    at require (node:internal/modules/helpers:138:16)
    at Object.<anonymous> (C:\Users\USER\Desktop\Master\CodeMasterServer\src\server.js:7:19)
    at Module._compile (node:internal/modules/cjs/loader:1565:14)
    at Object..js (node:internal/modules/cjs/loader:1708:10)
    at Module.load (node:internal/modules/cjs/loader:1318:32)
2025-06-15 23:57:32 error: uncaughtException: Cannot find module './config/db'
Require stack:
- C:\Users\USER\Desktop\Master\CodeMasterServer\src\server.js
Error: Cannot find module './config/db'
Require stack:
- C:\Users\USER\Desktop\Master\CodeMasterServer\src\server.js
    at Function._resolveFilename (node:internal/modules/cjs/loader:1249:15)
    at Function._load (node:internal/modules/cjs/loader:1075:27)
    at TracingChannel.traceSync (node:diagnostics_channel:322:14)
    at wrapModuleLoad (node:internal/modules/cjs/loader:219:24)
    at Module.require (node:internal/modules/cjs/loader:1340:12)
    at require (node:internal/modules/helpers:138:16)
    at Object.<anonymous> (C:\Users\USER\Desktop\Master\CodeMasterServer\src\server.js:7:19)
    at Module._compile (node:internal/modules/cjs/loader:1565:14)
    at Object..js (node:internal/modules/cjs/loader:1708:10)
    at Module.load (node:internal/modules/cjs/loader:1318:32)
2025-06-15 23:58:05 error: uncaughtException: Cannot find module './config/db'
Require stack:
- C:\Users\USER\Desktop\Master\CodeMasterServer\src\server.js
Error: Cannot find module './config/db'
Require stack:
- C:\Users\USER\Desktop\Master\CodeMasterServer\src\server.js
    at Function._resolveFilename (node:internal/modules/cjs/loader:1249:15)
    at Function._load (node:internal/modules/cjs/loader:1075:27)
    at TracingChannel.traceSync (node:diagnostics_channel:322:14)
    at wrapModuleLoad (node:internal/modules/cjs/loader:219:24)
    at Module.require (node:internal/modules/cjs/loader:1340:12)
    at require (node:internal/modules/helpers:138:16)
    at Object.<anonymous> (C:\Users\USER\Desktop\Master\CodeMasterServer\src\server.js:7:19)
    at Module._compile (node:internal/modules/cjs/loader:1565:14)
    at Object..js (node:internal/modules/cjs/loader:1708:10)
    at Module.load (node:internal/modules/cjs/loader:1318:32)
2025-06-15 23:58:42 error: uncaughtException: Cannot find module './config/db'
Require stack:
- C:\Users\USER\Desktop\Master\CodeMasterServer\src\server.js
Error: Cannot find module './config/db'
Require stack:
- C:\Users\USER\Desktop\Master\CodeMasterServer\src\server.js
    at Function._resolveFilename (node:internal/modules/cjs/loader:1249:15)
    at Function._load (node:internal/modules/cjs/loader:1075:27)
    at TracingChannel.traceSync (node:diagnostics_channel:322:14)
    at wrapModuleLoad (node:internal/modules/cjs/loader:219:24)
    at Module.require (node:internal/modules/cjs/loader:1340:12)
    at require (node:internal/modules/helpers:138:16)
    at Object.<anonymous> (C:\Users\USER\Desktop\Master\CodeMasterServer\src\server.js:7:19)
    at Module._compile (node:internal/modules/cjs/loader:1565:14)
    at Object..js (node:internal/modules/cjs/loader:1708:10)
    at Module.load (node:internal/modules/cjs/loader:1318:32)
2025-06-15 23:59:28 error: uncaughtException: Cannot find module './config/db'
Require stack:
- C:\Users\USER\Desktop\Master\CodeMasterServer\src\server.js
Error: Cannot find module './config/db'
Require stack:
- C:\Users\USER\Desktop\Master\CodeMasterServer\src\server.js
    at Function._resolveFilename (node:internal/modules/cjs/loader:1249:15)
    at Function._load (node:internal/modules/cjs/loader:1075:27)
    at TracingChannel.traceSync (node:diagnostics_channel:322:14)
    at wrapModuleLoad (node:internal/modules/cjs/loader:219:24)
    at Module.require (node:internal/modules/cjs/loader:1340:12)
    at require (node:internal/modules/helpers:138:16)
    at Object.<anonymous> (C:\Users\USER\Desktop\Master\CodeMasterServer\src\server.js:7:19)
    at Module._compile (node:internal/modules/cjs/loader:1565:14)
    at Object..js (node:internal/modules/cjs/loader:1708:10)
    at Module.load (node:internal/modules/cjs/loader:1318:32)
2025-06-15 23:59:44 error: uncaughtException: Cannot find module './config/db'
Require stack:
- C:\Users\USER\Desktop\Master\CodeMasterServer\src\server.js
Error: Cannot find module './config/db'
Require stack:
- C:\Users\USER\Desktop\Master\CodeMasterServer\src\server.js
    at Function._resolveFilename (node:internal/modules/cjs/loader:1249:15)
    at Function._load (node:internal/modules/cjs/loader:1075:27)
    at TracingChannel.traceSync (node:diagnostics_channel:322:14)
    at wrapModuleLoad (node:internal/modules/cjs/loader:219:24)
    at Module.require (node:internal/modules/cjs/loader:1340:12)
    at require (node:internal/modules/helpers:138:16)
    at Object.<anonymous> (C:\Users\USER\Desktop\Master\CodeMasterServer\src\server.js:7:19)
    at Module._compile (node:internal/modules/cjs/loader:1565:14)
    at Object..js (node:internal/modules/cjs/loader:1708:10)
    at Module.load (node:internal/modules/cjs/loader:1318:32)
2025-06-16 00:00:17 error: uncaughtException: Cannot find module './config/db'
Require stack:
- C:\Users\USER\Desktop\Master\CodeMasterServer\src\server.js
Error: Cannot find module './config/db'
Require stack:
- C:\Users\USER\Desktop\Master\CodeMasterServer\src\server.js
    at Function._resolveFilename (node:internal/modules/cjs/loader:1249:15)
    at Function._load (node:internal/modules/cjs/loader:1075:27)
    at TracingChannel.traceSync (node:diagnostics_channel:322:14)
    at wrapModuleLoad (node:internal/modules/cjs/loader:219:24)
    at Module.require (node:internal/modules/cjs/loader:1340:12)
    at require (node:internal/modules/helpers:138:16)
    at Object.<anonymous> (C:\Users\USER\Desktop\Master\CodeMasterServer\src\server.js:7:19)
    at Module._compile (node:internal/modules/cjs/loader:1565:14)
    at Object..js (node:internal/modules/cjs/loader:1708:10)
    at Module.load (node:internal/modules/cjs/loader:1318:32)
2025-06-16 00:00:28 error: uncaughtException: Cannot find module './config/db'
Require stack:
- C:\Users\USER\Desktop\Master\CodeMasterServer\src\server.js
Error: Cannot find module './config/db'
Require stack:
- C:\Users\USER\Desktop\Master\CodeMasterServer\src\server.js
    at Function._resolveFilename (node:internal/modules/cjs/loader:1249:15)
    at Function._load (node:internal/modules/cjs/loader:1075:27)
    at TracingChannel.traceSync (node:diagnostics_channel:322:14)
    at wrapModuleLoad (node:internal/modules/cjs/loader:219:24)
    at Module.require (node:internal/modules/cjs/loader:1340:12)
    at require (node:internal/modules/helpers:138:16)
    at Object.<anonymous> (C:\Users\USER\Desktop\Master\CodeMasterServer\src\server.js:7:19)
    at Module._compile (node:internal/modules/cjs/loader:1565:14)
    at Object..js (node:internal/modules/cjs/loader:1708:10)
    at Module.load (node:internal/modules/cjs/loader:1318:32)
2025-06-16 00:00:45 error: uncaughtException: Cannot find module './config/db'
Require stack:
- C:\Users\USER\Desktop\Master\CodeMasterServer\src\server.js
Error: Cannot find module './config/db'
Require stack:
- C:\Users\USER\Desktop\Master\CodeMasterServer\src\server.js
    at Function._resolveFilename (node:internal/modules/cjs/loader:1249:15)
    at Function._load (node:internal/modules/cjs/loader:1075:27)
    at TracingChannel.traceSync (node:diagnostics_channel:322:14)
    at wrapModuleLoad (node:internal/modules/cjs/loader:219:24)
    at Module.require (node:internal/modules/cjs/loader:1340:12)
    at require (node:internal/modules/helpers:138:16)
    at Object.<anonymous> (C:\Users\USER\Desktop\Master\CodeMasterServer\src\server.js:7:19)
    at Module._compile (node:internal/modules/cjs/loader:1565:14)
    at Object..js (node:internal/modules/cjs/loader:1708:10)
    at Module.load (node:internal/modules/cjs/loader:1318:32)
2025-06-16 00:01:28 error: uncaughtException: Cannot find module './config/db'
Require stack:
- C:\Users\USER\Desktop\Master\CodeMasterServer\src\server.js
Error: Cannot find module './config/db'
Require stack:
- C:\Users\USER\Desktop\Master\CodeMasterServer\src\server.js
    at Function._resolveFilename (node:internal/modules/cjs/loader:1249:15)
    at Function._load (node:internal/modules/cjs/loader:1075:27)
    at TracingChannel.traceSync (node:diagnostics_channel:322:14)
    at wrapModuleLoad (node:internal/modules/cjs/loader:219:24)
    at Module.require (node:internal/modules/cjs/loader:1340:12)
    at require (node:internal/modules/helpers:138:16)
    at Object.<anonymous> (C:\Users\USER\Desktop\Master\CodeMasterServer\src\server.js:7:19)
    at Module._compile (node:internal/modules/cjs/loader:1565:14)
    at Object..js (node:internal/modules/cjs/loader:1708:10)
    at Module.load (node:internal/modules/cjs/loader:1318:32)
2025-06-16 00:01:38 error: uncaughtException: Cannot find module './config/db'
Require stack:
- C:\Users\USER\Desktop\Master\CodeMasterServer\src\server.js
Error: Cannot find module './config/db'
Require stack:
- C:\Users\USER\Desktop\Master\CodeMasterServer\src\server.js
    at Function._resolveFilename (node:internal/modules/cjs/loader:1249:15)
    at Function._load (node:internal/modules/cjs/loader:1075:27)
    at TracingChannel.traceSync (node:diagnostics_channel:322:14)
    at wrapModuleLoad (node:internal/modules/cjs/loader:219:24)
    at Module.require (node:internal/modules/cjs/loader:1340:12)
    at require (node:internal/modules/helpers:138:16)
    at Object.<anonymous> (C:\Users\USER\Desktop\Master\CodeMasterServer\src\server.js:7:19)
    at Module._compile (node:internal/modules/cjs/loader:1565:14)
    at Object..js (node:internal/modules/cjs/loader:1708:10)
    at Module.load (node:internal/modules/cjs/loader:1318:32)
2025-06-16 00:37:28 error: uncaughtException: initializeSocket is not a function
TypeError: initializeSocket is not a function
    at Object.<anonymous> (C:\Users\USER\Desktop\Master\CodeMasterServer\src\app.js:124:12)
    at Module._compile (node:internal/modules/cjs/loader:1565:14)
    at Object..js (node:internal/modules/cjs/loader:1708:10)
    at Module.load (node:internal/modules/cjs/loader:1318:32)
    at Function._load (node:internal/modules/cjs/loader:1128:12)
    at TracingChannel.traceSync (node:diagnostics_channel:322:14)
    at wrapModuleLoad (node:internal/modules/cjs/loader:219:24)
    at Module.require (node:internal/modules/cjs/loader:1340:12)
    at require (node:internal/modules/helpers:138:16)
    at Object.<anonymous> (C:\Users\USER\Desktop\Master\CodeMasterServer\src\server.js:2:13)
2025-06-16 00:37:28 error: uncaughtException: initializeSocket is not a function
TypeError: initializeSocket is not a function
    at Object.<anonymous> (C:\Users\USER\Desktop\Master\CodeMasterServer\src\app.js:124:12)
    at Module._compile (node:internal/modules/cjs/loader:1565:14)
    at Object..js (node:internal/modules/cjs/loader:1708:10)
    at Module.load (node:internal/modules/cjs/loader:1318:32)
    at Function._load (node:internal/modules/cjs/loader:1128:12)
    at TracingChannel.traceSync (node:diagnostics_channel:322:14)
    at wrapModuleLoad (node:internal/modules/cjs/loader:219:24)
    at Module.require (node:internal/modules/cjs/loader:1340:12)
    at require (node:internal/modules/helpers:138:16)
    at Object.<anonymous> (C:\Users\USER\Desktop\Master\CodeMasterServer\src\server.js:2:13)
2025-06-16 08:57:24 error: uncaughtException: initializeSocket is not a function
TypeError: initializeSocket is not a function
    at Object.<anonymous> (C:\Users\USER\Desktop\Master\CodeMasterServer\src\app.js:124:12)
    at Module._compile (node:internal/modules/cjs/loader:1565:14)
    at Object..js (node:internal/modules/cjs/loader:1708:10)
    at Module.load (node:internal/modules/cjs/loader:1318:32)
    at Function._load (node:internal/modules/cjs/loader:1128:12)
    at TracingChannel.traceSync (node:diagnostics_channel:322:14)
    at wrapModuleLoad (node:internal/modules/cjs/loader:219:24)
    at Module.require (node:internal/modules/cjs/loader:1340:12)
    at require (node:internal/modules/helpers:138:16)
    at Object.<anonymous> (C:\Users\USER\Desktop\Master\CodeMasterServer\src\server.js:2:13)
2025-06-16 08:58:04 error: uncaughtException: initializeSocket is not a function
TypeError: initializeSocket is not a function
    at Object.<anonymous> (C:\Users\USER\Desktop\Master\CodeMasterServer\src\app.js:124:12)
    at Module._compile (node:internal/modules/cjs/loader:1565:14)
    at Object..js (node:internal/modules/cjs/loader:1708:10)
    at Module.load (node:internal/modules/cjs/loader:1318:32)
    at Function._load (node:internal/modules/cjs/loader:1128:12)
    at TracingChannel.traceSync (node:diagnostics_channel:322:14)
    at wrapModuleLoad (node:internal/modules/cjs/loader:219:24)
    at Module.require (node:internal/modules/cjs/loader:1340:12)
    at require (node:internal/modules/helpers:138:16)
    at Object.<anonymous> (C:\Users\USER\Desktop\Master\CodeMasterServer\src\server.js:2:13)
2025-06-16 08:58:13 error: uncaughtException: initializeSocket is not a function
TypeError: initializeSocket is not a function
    at Object.<anonymous> (C:\Users\USER\Desktop\Master\CodeMasterServer\src\app.js:124:12)
    at Module._compile (node:internal/modules/cjs/loader:1565:14)
    at Object..js (node:internal/modules/cjs/loader:1708:10)
    at Module.load (node:internal/modules/cjs/loader:1318:32)
    at Function._load (node:internal/modules/cjs/loader:1128:12)
    at TracingChannel.traceSync (node:diagnostics_channel:322:14)
    at wrapModuleLoad (node:internal/modules/cjs/loader:219:24)
    at Module.require (node:internal/modules/cjs/loader:1340:12)
    at require (node:internal/modules/helpers:138:16)
    at Object.<anonymous> (C:\Users\USER\Desktop\Master\CodeMasterServer\src\server.js:2:13)
2025-07-30 15:45:50 error: uncaughtException: Cannot find module '../middleware/auth'
Require stack:
- C:\Users\USER\Desktop\Hanna\HannaCodeServer\src\routes\user.js
- C:\Users\USER\Desktop\Hanna\HannaCodeServer\src\app.js
- C:\Users\USER\Desktop\Hanna\HannaCodeServer\src\server.js
Error: Cannot find module '../middleware/auth'
Require stack:
- C:\Users\USER\Desktop\Hanna\HannaCodeServer\src\routes\user.js
- C:\Users\USER\Desktop\Hanna\HannaCodeServer\src\app.js
- C:\Users\USER\Desktop\Hanna\HannaCodeServer\src\server.js
    at Function._resolveFilename (node:internal/modules/cjs/loader:1249:15)
    at Function._load (node:internal/modules/cjs/loader:1075:27)
    at TracingChannel.traceSync (node:diagnostics_channel:322:14)
    at wrapModuleLoad (node:internal/modules/cjs/loader:219:24)
    at Module.require (node:internal/modules/cjs/loader:1340:12)
    at require (node:internal/modules/helpers:138:16)
    at Object.<anonymous> (C:\Users\USER\Desktop\Hanna\HannaCodeServer\src\routes\user.js:9:32)
    at Module._compile (node:internal/modules/cjs/loader:1565:14)
    at Object..js (node:internal/modules/cjs/loader:1708:10)
    at Module.load (node:internal/modules/cjs/loader:1318:32)
2025-07-30 15:46:24 error: uncaughtException: Cannot find module '../middleware/auth'
Require stack:
- C:\Users\USER\Desktop\Hanna\HannaCodeServer\src\routes\user.js
- C:\Users\USER\Desktop\Hanna\HannaCodeServer\src\app.js
- C:\Users\USER\Desktop\Hanna\HannaCodeServer\src\server.js
Error: Cannot find module '../middleware/auth'
Require stack:
- C:\Users\USER\Desktop\Hanna\HannaCodeServer\src\routes\user.js
- C:\Users\USER\Desktop\Hanna\HannaCodeServer\src\app.js
- C:\Users\USER\Desktop\Hanna\HannaCodeServer\src\server.js
    at Function._resolveFilename (node:internal/modules/cjs/loader:1249:15)
    at Function._load (node:internal/modules/cjs/loader:1075:27)
    at TracingChannel.traceSync (node:diagnostics_channel:322:14)
    at wrapModuleLoad (node:internal/modules/cjs/loader:219:24)
    at Module.require (node:internal/modules/cjs/loader:1340:12)
    at require (node:internal/modules/helpers:138:16)
    at Object.<anonymous> (C:\Users\USER\Desktop\Hanna\HannaCodeServer\src\routes\user.js:9:32)
    at Module._compile (node:internal/modules/cjs/loader:1565:14)
    at Object..js (node:internal/modules/cjs/loader:1708:10)
    at Module.load (node:internal/modules/cjs/loader:1318:32)
2025-08-02 15:50:39 error: uncaughtException: Identifier 'exec' has already been declared
C:\Users\USER\Desktop\Hanna\HannaCodeServer\src\services\codeExecutionService.js:160
const { exec } = require('child_process');
        ^

SyntaxError: Identifier 'exec' has already been declared
    at wrapSafe (node:internal/modules/cjs/loader:1515:18)
    at Module._compile (node:internal/modules/cjs/loader:1537:20)
    at Object..js (node:internal/modules/cjs/loader:1708:10)
    at Module.load (node:internal/modules/cjs/loader:1318:32)
    at Function._load (node:internal/modules/cjs/loader:1128:12)
    at TracingChannel.traceSync (node:diagnostics_channel:322:14)
    at wrapModuleLoad (node:internal/modules/cjs/loader:219:24)
    at Module.require (node:internal/modules/cjs/loader:1340:12)
    at require (node:internal/modules/helpers:138:16)
    at Object.<anonymous> (C:\Users\USER\Desktop\Hanna\HannaCodeServer\src\routes\codeExecution.js:3:43)
2025-08-02 15:54:06 error: uncaughtException: Identifier 'exec' has already been declared
C:\Users\USER\Desktop\Hanna\HannaCodeServer\src\services\codeExecutionService.js:160
const { exec } = require('child_process');
        ^

SyntaxError: Identifier 'exec' has already been declared
    at wrapSafe (node:internal/modules/cjs/loader:1515:18)
    at Module._compile (node:internal/modules/cjs/loader:1537:20)
    at Object..js (node:internal/modules/cjs/loader:1708:10)
    at Module.load (node:internal/modules/cjs/loader:1318:32)
    at Function._load (node:internal/modules/cjs/loader:1128:12)
    at TracingChannel.traceSync (node:diagnostics_channel:322:14)
    at wrapModuleLoad (node:internal/modules/cjs/loader:219:24)
    at Module.require (node:internal/modules/cjs/loader:1340:12)
    at require (node:internal/modules/helpers:138:16)
    at Object.<anonymous> (C:\Users\USER\Desktop\Hanna\HannaCodeServer\src\routes\codeExecution.js:3:43)
2025-08-02 15:56:10 error: uncaughtException: Identifier 'exec' has already been declared
C:\Users\USER\Desktop\Hanna\HannaCodeServer\src\services\codeExecutionService.js:160
const { exec } = require('child_process');
        ^

SyntaxError: Identifier 'exec' has already been declared
    at wrapSafe (node:internal/modules/cjs/loader:1515:18)
    at Module._compile (node:internal/modules/cjs/loader:1537:20)
    at Object..js (node:internal/modules/cjs/loader:1708:10)
    at Module.load (node:internal/modules/cjs/loader:1318:32)
    at Function._load (node:internal/modules/cjs/loader:1128:12)
    at TracingChannel.traceSync (node:diagnostics_channel:322:14)
    at wrapModuleLoad (node:internal/modules/cjs/loader:219:24)
    at Module.require (node:internal/modules/cjs/loader:1340:12)
    at require (node:internal/modules/helpers:138:16)
    at Object.<anonymous> (C:\Users\USER\Desktop\Hanna\HannaCodeServer\src\routes\codeExecution.js:3:43)
